<?xml version="1.0" encoding="UTF-8"?>
<testsuite name="com.virco.ProductManagementTestSuite" time="0.152" tests="8" errors="0" skipped="0" failures="0">
  <properties>
[...]
</properties>
  <testcase name="Scenario: VIR-275.01 Verify that the Product Admin can import products" classname="Scenario: VIR-275.01 Verify that the Product Admin can import products" time="0"/>
  <testcase name="Scenario: VIR-275.02 Verify that the Product Admin can import category pricing" classname="Scenario: VIR-275.02 Verify that the Product Admin can import category pricing" time="0"/>
  <testcase name="Scenario: VIR-276.01 Verify that the Product Admin can configure the following product attribute for each item" classname="Scenario: VIR-276.01 Verify that the Product Admin can configure the following product attribute for each item" time="0"/>
  <testcase name="Scenario: VIR-276.02 Verify that the Product Admin can publish the changes to the site to be shown to the shopper" classname="Scenario: VIR-276.02 Verify that the Product Admin can publish the changes to the site to be shown to the shopper" time="0"/>
  <testcase name="Scenario: VIR-276.03 Verify that the published changes are shown to the shopper" classname="Scenario: VIR-276.03 Verify that the published changes are shown to the shopper" time="0"/>
  <testcase name="Scenario: VIR-277.01 Verify that the crossell and upsell management can be done on the PIM" classname="Scenario: VIR-277.01 Verify that the crossell and upsell management can be done on the PIM" time="0.017"/>
  <testcase name="Scenario: VIR-278.01 Verify that the product admin is able to add attributes to the PIM" classname="Scenario: VIR-278.01 Verify that the product admin is able to add attributes to the PIM" time="0.053"/>
  <testcase name="Scenario: VIR-278.02 Verify that the appropriate products and their details are shown to the user" classname="Scenario: VIR-278.02 Verify that the appropriate products and their details are shown to the user" time="0.082"/>
</testsuite>