<?xml version="1.0" encoding="UTF-8"?>
<testsuite name="com.virco.LoginTestSuite" time="0.033" tests="122" errors="26" skipped="96" failures="0">
  <properties>
[...]
</properties>
  <testcase name="Given open &quot;storefront&quot; page" classname="Scenario: VIR-506.01 Verify that the shopper can login to the system by entering email and password" time="0.001">
    <error message="Could not initialize class com.virco.locators.SiteData" type="net.serenitybdd.core.exceptions.SerenityManagedException"><![CDATA[net.serenitybdd.core.exceptions.SerenityManagedException: Could not initialize class com.virco.locators.SiteData
	at com.virco.steps.serenity.CommonUserSteps.openManagementPage(CommonUserSteps.java:35)
	at com.virco.steps.serenity.CommonUserSteps$$EnhancerByCGLIB$$d8541bfa.CGLIB$openManagementPage$7(<generated>)
	at com.virco.steps.serenity.CommonUserSteps$$EnhancerByCGLIB$$d8541bfa$$FastClassByCGLIB$$ea8e0f86.invoke(<generated>)
	at net.sf.cglib.proxy.MethodProxy.invokeSuper(MethodProxy.java:228)
	at net.thucydides.core.steps.StepInterceptor.invokeMethod(StepInterceptor.java:372)
	at net.thucydides.core.steps.StepInterceptor.executeTestStepMethod(StepInterceptor.java:357)
	at net.thucydides.core.steps.StepInterceptor.runTestStep(StepInterceptor.java:332)
	at net.thucydides.core.steps.StepInterceptor.testStepResult(StepInterceptor.java:134)
	at net.thucydides.core.steps.StepInterceptor.intercept(StepInterceptor.java:61)
	at com.virco.steps.serenity.CommonUserSteps$$EnhancerByCGLIB$$d8541bfa.openManagementPage(<generated>)
	at com.virco.steps.CommonDefinitionSteps.openPage(CommonDefinitionSteps.java:22)
	at sun.reflect.GeneratedMethodAccessor144.invoke(Unknown Source)
	at sun.reflect.DelegatingMethodAccessorImpl.invoke(DelegatingMethodAccessorImpl.java:43)
	at java.lang.reflect.Method.invoke(Method.java:498)
	at cucumber.runtime.Utils$1.call(Utils.java:40)
	at cucumber.runtime.Timeout.timeout(Timeout.java:16)
	at cucumber.runtime.Utils.invoke(Utils.java:34)
	at cucumber.runtime.java.JavaStepDefinition.execute(JavaStepDefinition.java:38)
	at cucumber.runtime.StepDefinitionMatch.runStep(StepDefinitionMatch.java:37)
	at cucumber.runtime.Runtime.runStep(Runtime.java:300)
	at cucumber.runtime.model.StepContainer.runStep(StepContainer.java:44)
	at cucumber.runtime.model.StepContainer.runSteps(StepContainer.java:39)
	at cucumber.runtime.model.CucumberScenario.run(CucumberScenario.java:44)
	at cucumber.runtime.junit.ExecutionUnitRunner.run(ExecutionUnitRunner.java:102)
	at cucumber.runtime.junit.FeatureRunner.runChild(FeatureRunner.java:63)
	at cucumber.runtime.junit.FeatureRunner.runChild(FeatureRunner.java:18)
	at org.junit.runners.ParentRunner$3.run(ParentRunner.java:290)
	at org.junit.runners.ParentRunner$1.schedule(ParentRunner.java:71)
	at org.junit.runners.ParentRunner.runChildren(ParentRunner.java:288)
	at org.junit.runners.ParentRunner.access$000(ParentRunner.java:58)
	at org.junit.runners.ParentRunner$2.evaluate(ParentRunner.java:268)
	at org.junit.runners.ParentRunner.run(ParentRunner.java:363)
	at cucumber.runtime.junit.FeatureRunner.run(FeatureRunner.java:70)
	at cucumber.api.junit.Cucumber.runChild(Cucumber.java:95)
	at cucumber.api.junit.Cucumber.runChild(Cucumber.java:38)
	at org.junit.runners.ParentRunner$3.run(ParentRunner.java:290)
	at org.junit.runners.ParentRunner$1.schedule(ParentRunner.java:71)
	at org.junit.runners.ParentRunner.runChildren(ParentRunner.java:288)
	at org.junit.runners.ParentRunner.access$000(ParentRunner.java:58)
	at org.junit.runners.ParentRunner$2.evaluate(ParentRunner.java:268)
	at org.junit.runners.ParentRunner.run(ParentRunner.java:363)
	at cucumber.api.junit.Cucumber.run(Cucumber.java:100)
	at org.apache.maven.surefire.junit4.JUnit4Provider.execute(JUnit4Provider.java:283)
	at org.apache.maven.surefire.junit4.JUnit4Provider.executeWithRerun(JUnit4Provider.java:173)
	at org.apache.maven.surefire.junit4.JUnit4Provider.executeTestSet(JUnit4Provider.java:153)
	at org.apache.maven.surefire.junit4.JUnit4Provider.invoke(JUnit4Provider.java:128)
	at org.apache.maven.surefire.booter.ForkedBooter.invokeProviderInSameClassLoader(ForkedBooter.java:203)
	at org.apache.maven.surefire.booter.ForkedBooter.runSuitesInProcess(ForkedBooter.java:155)
	at org.apache.maven.surefire.booter.ForkedBooter.main(ForkedBooter.java:103)
]]></error>
    <system-out><![CDATA[
&amp#27;[31mFailed scenarios:&amp#27;[0m
&amp#27;[31msrc/test/resources/features/global_elements/GE11_PrivacyTermsLink.feature:6 &amp#27;[0m# Scenario: VIR-254.01 Verify that the page with terms and conditions is opened after clicking on the privacy terms link at the footer
&amp#27;[31msrc/test/resources/features/global_elements/GE12_Copyright.feature:6 &amp#27;[0m# Scenario: VIR-255.01 Verify that the virco copyright text "c 2017 Vicro. All Right Reserved" is shown at the footer right bottom
&amp#27;[31msrc/test/resources/features/global_elements/GE13_GlobalSearchContract.feature:6 &amp#27;[0m# Scenario: VIR-256.01 Verify that the Search Bar is shown to the shopper from the right header
&amp#27;[31msrc/test/resources/features/global_elements/GE13_GlobalSearchContract.feature:14 &amp#27;[0m# Scenario: VIR-256.03 Verify that the Search Bar/contract are shown on navigating through the site
&amp#27;[31msrc/test/resources/features/global_elements/GE1_Breadcrumbs.feature:7 &amp#27;[0m# Scenario: VIR-115.01 Verify that the breadcrumb path shows the navigation from the root to the child nodes
&amp#27;[31msrc/test/resources/features/global_elements/GE1_Breadcrumbs.feature:14 &amp#27;[0m# Scenario: VIR-115.02 Verify that the shopper is moved to the appropriate page after clicking on the breadcrumb node
&amp#27;[31msrc/test/resources/features/global_elements/GE1_Breadcrumbs.feature:22 &amp#27;[0m# Scenario: VIR-115.05 Verify that the opened page's name in breadcrumb is shown as a text
&amp#27;[31msrc/test/resources/features/global_elements/GE2_Badges.feature:7 &amp#27;[0m# Scenario: VIR-116.01 Verify that the badges (logo) is shown for the customer at the header
&amp#27;[31msrc/test/resources/features/global_elements/GE2_Badges.feature:12 &amp#27;[0m# Scenario: VIR-116.02 Verify that the clicking on badges the system opens the Home page
&amp#27;[31msrc/test/resources/features/global_elements/GE3_SocialLinks.feature:12 &amp#27;[0m# Scenario: VIR-117.01 Verify that the social links of the companies social media channels are shown in the footer
&amp#27;[31msrc/test/resources/features/global_elements/GE3_SocialLinks.feature:27 &amp#27;[0m# Scenario Outline: VIR-117.02 Verify that the shopper is moved to the appropriate Virco's social media channels after clicking on the social link
&amp#27;[31msrc/test/resources/features/global_elements/GE3_SocialLinks.feature:28 &amp#27;[0m# Scenario Outline: VIR-117.02 Verify that the shopper is moved to the appropriate Virco's social media channels after clicking on the social link
&amp#27;[31msrc/test/resources/features/global_elements/GE3_SocialLinks.feature:29 &amp#27;[0m# Scenario Outline: VIR-117.02 Verify that the shopper is moved to the appropriate Virco's social media channels after clicking on the social link
&amp#27;[31msrc/test/resources/features/global_elements/GE3_SocialLinks.feature:30 &amp#27;[0m# Scenario Outline: VIR-117.02 Verify that the shopper is moved to the appropriate Virco's social media channels after clicking on the social link
&amp#27;[31msrc/test/resources/features/global_elements/GE4_Versign.feature:6 &amp#27;[0m# Scenario: VIR-118.01 Verify that the Verisign credentials are shown in the footer of the site
&amp#27;[31msrc/test/resources/features/global_elements/GE5_BetterBusinessBureau.feature:7 &amp#27;[0m# Scenario: VIR-119.01 Verify that the BBB rating is shown in the footer
&amp#27;[31msrc/test/resources/features/global_elements/GE5_BetterBusinessBureau.feature:12 &amp#27;[0m# Scenario: VIR-119.02 Verify that the proper BBB rating is shown to the customer
&amp#27;[31msrc/test/resources/features/global_elements/GE6_PaymentBadges.feature:11 &amp#27;[0m# Scenario Outline: VIR-120.01 Verify that the following accepted payment types are shown to the customer in the footer of the site
&amp#27;[31msrc/test/resources/features/global_elements/GE6_PaymentBadges.feature:12 &amp#27;[0m# Scenario Outline: VIR-120.01 Verify that the following accepted payment types are shown to the customer in the footer of the site
&amp#27;[31msrc/test/resources/features/global_elements/GE6_PaymentBadges.feature:13 &amp#27;[0m# Scenario Outline: VIR-120.01 Verify that the following accepted payment types are shown to the customer in the footer of the site
&amp#27;[31msrc/test/resources/features/global_elements/GE6_PaymentBadges.feature:14 &amp#27;[0m# Scenario Outline: VIR-120.01 Verify that the following accepted payment types are shown to the customer in the footer of the site
&amp#27;[31msrc/test/resources/features/global_elements/GE6_PaymentBadges.feature:15 &amp#27;[0m# Scenario Outline: VIR-120.01 Verify that the following accepted payment types are shown to the customer in the footer of the site
&amp#27;[31msrc/test/resources/features/global_elements/GE6_PaymentBadges.feature:16 &amp#27;[0m# Scenario Outline: VIR-120.01 Verify that the following accepted payment types are shown to the customer in the footer of the site
&amp#27;[31msrc/test/resources/features/global_elements/GE7_TopCategoryNavigation.feature:14 &amp#27;[0m# Scenario: VIR-121.01 Verify that the Main menu has the following categories
&amp#27;[31msrc/test/resources/features/global_elements/GE7_TopCategoryNavigation.feature:33 &amp#27;[0m# Scenario Outline: VIR-121.02 Verify that appropriate category page is opened
&amp#27;[31msrc/test/resources/features/global_elements/GE7_TopCategoryNavigation.feature:34 &amp#27;[0m# Scenario Outline: VIR-121.02 Verify that appropriate category page is opened
&amp#27;[31msrc/test/resources/features/global_elements/GE7_TopCategoryNavigation.feature:35 &amp#27;[0m# Scenario Outline: VIR-121.02 Verify that appropriate category page is opened
&amp#27;[31msrc/test/resources/features/global_elements/GE7_TopCategoryNavigation.feature:36 &amp#27;[0m# Scenario Outline: VIR-121.02 Verify that appropriate category page is opened
&amp#27;[31msrc/test/resources/features/global_elements/GE7_TopCategoryNavigation.feature:37 &amp#27;[0m# Scenario Outline: VIR-121.02 Verify that appropriate category page is opened
&amp#27;[31msrc/test/resources/features/global_elements/GE7_TopCategoryNavigation.feature:38 &amp#27;[0m# Scenario Outline: VIR-121.02 Verify that appropriate category page is opened
&amp#27;[31msrc/test/resources/features/global_elements/GE7_TopCategoryNavigation.feature:39 &amp#27;[0m# Scenario Outline: VIR-121.02 Verify that appropriate category page is opened
&amp#27;[31msrc/test/resources/features/global_elements/GE7_TopCategoryNavigation.feature:40 &amp#27;[0m# Scenario Outline: VIR-121.02 Verify that appropriate category page is opened
&amp#27;[31msrc/test/resources/features/global_elements/PLD_GlobalElements_Footer.feature:5 &amp#27;[0m# Scenario: VIR-302.01 Verify Shop with confidence at Virco Mfg. Corporation title
&amp#27;[31msrc/test/resources/features/global_elements/PLD_GlobalElements_Footer.feature:10 &amp#27;[0m# Scenario: VIR-302.02 Verify We accept the following payment types title
&amp#27;[31msrc/test/resources/features/global_elements/PLD_GlobalElements_Footer.feature:15 &amp#27;[0m# Scenario: VIR-302.03 Verify NEED HELP? 1 800 448 4726 title
&amp#27;[31msrc/test/resources/features/global_elements/PLD_GlobalElements_Footer.feature:20 &amp#27;[0m# Scenario: VIR-302.04 Verify Follow Us title

45 Scenarios (&amp#27;[31m36 failed&amp#27;[0m, &amp#27;[32m9 passed&amp#27;[0m)
95 Steps (&amp#27;[31m36 failed&amp#27;[0m, &amp#27;[36m59 skipped&amp#27;[0m)
0m0.158s

net.serenitybdd.core.exceptions.SerenityManagedException: Could not initialize class com.virco.locators.SiteData
	at com.virco.steps.serenity.CommonUserSteps.openTheSite(CommonUserSteps.java:19)
	at com.virco.steps.serenity.CommonUserSteps$$EnhancerByCGLIB$$d8541bfa.CGLIB$openTheSite$6(<generated>)
	at com.virco.steps.serenity.CommonUserSteps$$EnhancerByCGLIB$$d8541bfa$$FastClassByCGLIB$$ea8e0f86.invoke(<generated>)
	at net.sf.cglib.proxy.MethodProxy.invokeSuper(MethodProxy.java:228)
	at net.thucydides.core.steps.StepInterceptor.invokeMethod(StepInterceptor.java:372)
	at net.thucydides.core.steps.StepInterceptor.executeTestStepMethod(StepInterceptor.java:357)
	at net.thucydides.core.steps.StepInterceptor.runTestStep(StepInterceptor.java:332)
	at net.thucydides.core.steps.StepInterceptor.testStepResult(StepInterceptor.java:134)
	at net.thucydides.core.steps.StepInterceptor.intercept(StepInterceptor.java:61)
	at com.virco.steps.serenity.CommonUserSteps$$EnhancerByCGLIB$$d8541bfa.openTheSite(<generated>)
	at com.virco.steps.CommonDefinitionSteps.openTheSiteAndLogin(CommonDefinitionSteps.java:72)
	at ✽.Given open the site and login(src/test/resources/features/global_elements/GE11_PrivacyTermsLink.feature:7)

net.serenitybdd.core.exceptions.SerenityManagedException: Could not initialize class com.virco.locators.SiteData
	at com.virco.steps.serenity.CommonUserSteps.openTheSite(CommonUserSteps.java:19)
	at com.virco.steps.serenity.CommonUserSteps$$EnhancerByCGLIB$$d8541bfa.CGLIB$openTheSite$6(<generated>)
	at com.virco.steps.serenity.CommonUserSteps$$EnhancerByCGLIB$$d8541bfa$$FastClassByCGLIB$$ea8e0f86.invoke(<generated>)
	at net.sf.cglib.proxy.MethodProxy.invokeSuper(MethodProxy.java:228)
	at net.thucydides.core.steps.StepInterceptor.invokeMethod(StepInterceptor.java:372)
	at net.thucydides.core.steps.StepInterceptor.executeTestStepMethod(StepInterceptor.java:357)
	at net.thucydides.core.steps.StepInterceptor.runTestStep(StepInterceptor.java:332)
	at net.thucydides.core.steps.StepInterceptor.testStepResult(StepInterceptor.java:134)
	at net.thucydides.core.steps.StepInterceptor.intercept(StepInterceptor.java:61)
	at com.virco.steps.serenity.CommonUserSteps$$EnhancerByCGLIB$$d8541bfa.openTheSite(<generated>)
	at com.virco.steps.CommonDefinitionSteps.openTheSiteAndLogin(CommonDefinitionSteps.java:72)
	at ✽.Given open the site and login(src/test/resources/features/global_elements/GE12_Copyright.feature:7)

net.serenitybdd.core.exceptions.SerenityManagedException: Could not initialize class com.virco.locators.SiteData
	at com.virco.steps.serenity.CommonUserSteps.openTheSite(CommonUserSteps.java:19)
	at com.virco.steps.serenity.CommonUserSteps$$EnhancerByCGLIB$$d8541bfa.CGLIB$openTheSite$6(<generated>)
	at com.virco.steps.serenity.CommonUserSteps$$EnhancerByCGLIB$$d8541bfa$$FastClassByCGLIB$$ea8e0f86.invoke(<generated>)
	at net.sf.cglib.proxy.MethodProxy.invokeSuper(MethodProxy.java:228)
	at net.thucydides.core.steps.StepInterceptor.invokeMethod(StepInterceptor.java:372)
	at net.thucydides.core.steps.StepInterceptor.executeTestStepMethod(StepInterceptor.java:357)
	at net.thucydides.core.steps.StepInterceptor.runTestStep(StepInterceptor.java:332)
	at net.thucydides.core.steps.StepInterceptor.testStepResult(StepInterceptor.java:134)
	at net.thucydides.core.steps.StepInterceptor.intercept(StepInterceptor.java:61)
	at com.virco.steps.serenity.CommonUserSteps$$EnhancerByCGLIB$$d8541bfa.openTheSite(<generated>)
	at com.virco.steps.CommonDefinitionSteps.openTheSiteAndLogin(CommonDefinitionSteps.java:72)
	at ✽.Given open the site and login(src/test/resources/features/global_elements/GE13_GlobalSearchContract.feature:7)

net.serenitybdd.core.exceptions.SerenityManagedException: Could not initialize class com.virco.locators.SiteData
	at com.virco.steps.serenity.CommonUserSteps.openTheSite(CommonUserSteps.java:19)
	at com.virco.steps.serenity.CommonUserSteps$$EnhancerByCGLIB$$d8541bfa.CGLIB$openTheSite$6(<generated>)
	at com.virco.steps.serenity.CommonUserSteps$$EnhancerByCGLIB$$d8541bfa$$FastClassByCGLIB$$ea8e0f86.invoke(<generated>)
	at net.sf.cglib.proxy.MethodProxy.invokeSuper(MethodProxy.java:228)
	at net.thucydides.core.steps.StepInterceptor.invokeMethod(StepInterceptor.java:372)
	at net.thucydides.core.steps.StepInterceptor.executeTestStepMethod(StepInterceptor.java:357)
	at net.thucydides.core.steps.StepInterceptor.runTestStep(StepInterceptor.java:332)
	at net.thucydides.core.steps.StepInterceptor.testStepResult(StepInterceptor.java:134)
	at net.thucydides.core.steps.StepInterceptor.intercept(StepInterceptor.java:61)
	at com.virco.steps.serenity.CommonUserSteps$$EnhancerByCGLIB$$d8541bfa.openTheSite(<generated>)
	at com.virco.steps.CommonDefinitionSteps.openTheSiteAndLogin(CommonDefinitionSteps.java:72)
	at ✽.Given open the site and login(src/test/resources/features/global_elements/GE13_GlobalSearchContract.feature:15)

net.serenitybdd.core.exceptions.SerenityManagedException: Could not initialize class com.virco.locators.SiteData
	at com.virco.steps.serenity.CommonUserSteps.openTheSite(CommonUserSteps.java:19)
	at com.virco.steps.serenity.CommonUserSteps$$EnhancerByCGLIB$$d8541bfa.CGLIB$openTheSite$6(<generated>)
	at com.virco.steps.serenity.CommonUserSteps$$EnhancerByCGLIB$$d8541bfa$$FastClassByCGLIB$$ea8e0f86.invoke(<generated>)
	at net.sf.cglib.proxy.MethodProxy.invokeSuper(MethodProxy.java:228)
	at net.thucydides.core.steps.StepInterceptor.invokeMethod(StepInterceptor.java:372)
	at net.thucydides.core.steps.StepInterceptor.executeTestStepMethod(StepInterceptor.java:357)
	at net.thucydides.core.steps.StepInterceptor.runTestStep(StepInterceptor.java:332)
	at net.thucydides.core.steps.StepInterceptor.testStepResult(StepInterceptor.java:134)
	at net.thucydides.core.steps.StepInterceptor.intercept(StepInterceptor.java:61)
	at com.virco.steps.serenity.CommonUserSteps$$EnhancerByCGLIB$$d8541bfa.openTheSite(<generated>)
	at com.virco.steps.CommonDefinitionSteps.openTheSiteAndLogin(CommonDefinitionSteps.java:72)
	at ✽.Given open the site and login(src/test/resources/features/global_elements/GE1_Breadcrumbs.feature:8)

net.serenitybdd.core.exceptions.SerenityManagedException: Could not initialize class com.virco.locators.SiteData
	at com.virco.steps.serenity.CommonUserSteps.openTheSite(CommonUserSteps.java:19)
	at com.virco.steps.serenity.CommonUserSteps$$EnhancerByCGLIB$$d8541bfa.CGLIB$openTheSite$6(<generated>)
	at com.virco.steps.serenity.CommonUserSteps$$EnhancerByCGLIB$$d8541bfa$$FastClassByCGLIB$$ea8e0f86.invoke(<generated>)
	at net.sf.cglib.proxy.MethodProxy.invokeSuper(MethodProxy.java:228)
	at net.thucydides.core.steps.StepInterceptor.invokeMethod(StepInterceptor.java:372)
	at net.thucydides.core.steps.StepInterceptor.executeTestStepMethod(StepInterceptor.java:357)
	at net.thucydides.core.steps.StepInterceptor.runTestStep(StepInterceptor.java:332)
	at net.thucydides.core.steps.StepInterceptor.testStepResult(StepInterceptor.java:134)
	at net.thucydides.core.steps.StepInterceptor.intercept(StepInterceptor.java:61)
	at com.virco.steps.serenity.CommonUserSteps$$EnhancerByCGLIB$$d8541bfa.openTheSite(<generated>)
	at com.virco.steps.CommonDefinitionSteps.openTheSiteAndLogin(CommonDefinitionSteps.java:72)
	at ✽.Given open the site and login(src/test/resources/features/global_elements/GE1_Breadcrumbs.feature:15)

net.serenitybdd.core.exceptions.SerenityManagedException: Could not initialize class com.virco.locators.SiteData
	at com.virco.steps.serenity.CommonUserSteps.openTheSite(CommonUserSteps.java:19)
	at com.virco.steps.serenity.CommonUserSteps$$EnhancerByCGLIB$$d8541bfa.CGLIB$openTheSite$6(<generated>)
	at com.virco.steps.serenity.CommonUserSteps$$EnhancerByCGLIB$$d8541bfa$$FastClassByCGLIB$$ea8e0f86.invoke(<generated>)
	at net.sf.cglib.proxy.MethodProxy.invokeSuper(MethodProxy.java:228)
	at net.thucydides.core.steps.StepInterceptor.invokeMethod(StepInterceptor.java:372)
	at net.thucydides.core.steps.StepInterceptor.executeTestStepMethod(StepInterceptor.java:357)
	at net.thucydides.core.steps.StepInterceptor.runTestStep(StepInterceptor.java:332)
	at net.thucydides.core.steps.StepInterceptor.testStepResult(StepInterceptor.java:134)
	at net.thucydides.core.steps.StepInterceptor.intercept(StepInterceptor.java:61)
	at com.virco.steps.serenity.CommonUserSteps$$EnhancerByCGLIB$$d8541bfa.openTheSite(<generated>)
	at com.virco.steps.CommonDefinitionSteps.openTheSiteAndLogin(CommonDefinitionSteps.java:72)
	at ✽.Given open the site and login(src/test/resources/features/global_elements/GE1_Breadcrumbs.feature:23)

net.serenitybdd.core.exceptions.SerenityManagedException: Could not initialize class com.virco.locators.SiteData
	at com.virco.steps.serenity.CommonUserSteps.openTheSite(CommonUserSteps.java:19)
	at com.virco.steps.serenity.CommonUserSteps$$EnhancerByCGLIB$$d8541bfa.CGLIB$openTheSite$6(<generated>)
	at com.virco.steps.serenity.CommonUserSteps$$EnhancerByCGLIB$$d8541bfa$$FastClassByCGLIB$$ea8e0f86.invoke(<generated>)
	at net.sf.cglib.proxy.MethodProxy.invokeSuper(MethodProxy.java:228)
	at net.thucydides.core.steps.StepInterceptor.invokeMethod(StepInterceptor.java:372)
	at net.thucydides.core.steps.StepInterceptor.executeTestStepMethod(StepInterceptor.java:357)
	at net.thucydides.core.steps.StepInterceptor.runTestStep(StepInterceptor.java:332)
	at net.thucydides.core.steps.StepInterceptor.testStepResult(StepInterceptor.java:134)
	at net.thucydides.core.steps.StepInterceptor.intercept(StepInterceptor.java:61)
	at com.virco.steps.serenity.CommonUserSteps$$EnhancerByCGLIB$$d8541bfa.openTheSite(<generated>)
	at com.virco.steps.CommonDefinitionSteps.openTheSiteAndLogin(CommonDefinitionSteps.java:72)
	at ✽.Given open the site and login(src/test/resources/features/global_elements/GE2_Badges.feature:8)

net.serenitybdd.core.exceptions.SerenityManagedException: Could not initialize class com.virco.locators.SiteData
	at com.virco.steps.serenity.CommonUserSteps.openTheSite(CommonUserSteps.java:19)
	at com.virco.steps.serenity.CommonUserSteps$$EnhancerByCGLIB$$d8541bfa.CGLIB$openTheSite$6(<generated>)
	at com.virco.steps.serenity.CommonUserSteps$$EnhancerByCGLIB$$d8541bfa$$FastClassByCGLIB$$ea8e0f86.invoke(<generated>)
	at net.sf.cglib.proxy.MethodProxy.invokeSuper(MethodProxy.java:228)
	at net.thucydides.core.steps.StepInterceptor.invokeMethod(StepInterceptor.java:372)
	at net.thucydides.core.steps.StepInterceptor.executeTestStepMethod(StepInterceptor.java:357)
	at net.thucydides.core.steps.StepInterceptor.runTestStep(StepInterceptor.java:332)
	at net.thucydides.core.steps.StepInterceptor.testStepResult(StepInterceptor.java:134)
	at net.thucydides.core.steps.StepInterceptor.intercept(StepInterceptor.java:61)
	at com.virco.steps.serenity.CommonUserSteps$$EnhancerByCGLIB$$d8541bfa.openTheSite(<generated>)
	at com.virco.steps.CommonDefinitionSteps.openTheSiteAndLogin(CommonDefinitionSteps.java:72)
	at ✽.Given open the site and login(src/test/resources/features/global_elements/GE2_Badges.feature:13)

net.serenitybdd.core.exceptions.SerenityManagedException: Could not initialize class com.virco.locators.SiteData
	at com.virco.steps.serenity.CommonUserSteps.openTheSite(CommonUserSteps.java:19)
	at com.virco.steps.serenity.CommonUserSteps$$EnhancerByCGLIB$$d8541bfa.CGLIB$openTheSite$6(<generated>)
	at com.virco.steps.serenity.CommonUserSteps$$EnhancerByCGLIB$$d8541bfa$$FastClassByCGLIB$$ea8e0f86.invoke(<generated>)
	at net.sf.cglib.proxy.MethodProxy.invokeSuper(MethodProxy.java:228)
	at net.thucydides.core.steps.StepInterceptor.invokeMethod(StepInterceptor.java:372)
	at net.thucydides.core.steps.StepInterceptor.executeTestStepMethod(StepInterceptor.java:357)
	at net.thucydides.core.steps.StepInterceptor.runTestStep(StepInterceptor.java:332)
	at net.thucydides.core.steps.StepInterceptor.testStepResult(StepInterceptor.java:134)
	at net.thucydides.core.steps.StepInterceptor.intercept(StepInterceptor.java:61)
	at com.virco.steps.serenity.CommonUserSteps$$EnhancerByCGLIB$$d8541bfa.openTheSite(<generated>)
	at com.virco.steps.CommonDefinitionSteps.openTheSiteAndLogin(CommonDefinitionSteps.java:72)
	at ✽.Given open the site and login(src/test/resources/features/global_elements/GE3_SocialLinks.feature:13)

net.serenitybdd.core.exceptions.SerenityManagedException: Could not initialize class com.virco.locators.SiteData
	at com.virco.steps.serenity.CommonUserSteps.openTheSite(CommonUserSteps.java:19)
	at com.virco.steps.serenity.CommonUserSteps$$EnhancerByCGLIB$$d8541bfa.CGLIB$openTheSite$6(<generated>)
	at com.virco.steps.serenity.CommonUserSteps$$EnhancerByCGLIB$$d8541bfa$$FastClassByCGLIB$$ea8e0f86.invoke(<generated>)
	at net.sf.cglib.proxy.MethodProxy.invokeSuper(MethodProxy.java:228)
	at net.thucydides.core.steps.StepInterceptor.invokeMethod(StepInterceptor.java:372)
	at net.thucydides.core.steps.StepInterceptor.executeTestStepMethod(StepInterceptor.java:357)
	at net.thucydides.core.steps.StepInterceptor.runTestStep(StepInterceptor.java:332)
	at net.thucydides.core.steps.StepInterceptor.testStepResult(StepInterceptor.java:134)
	at net.thucydides.core.steps.StepInterceptor.intercept(StepInterceptor.java:61)
	at com.virco.steps.serenity.CommonUserSteps$$EnhancerByCGLIB$$d8541bfa.openTheSite(<generated>)
	at com.virco.steps.CommonDefinitionSteps.openTheSiteAndLogin(CommonDefinitionSteps.java:72)
	at ✽.Given open the site and login(src/test/resources/features/global_elements/GE3_SocialLinks.feature:22)

net.serenitybdd.core.exceptions.SerenityManagedException: Could not initialize class com.virco.locators.SiteData
	at com.virco.steps.serenity.CommonUserSteps.openTheSite(CommonUserSteps.java:19)
	at com.virco.steps.serenity.CommonUserSteps$$EnhancerByCGLIB$$d8541bfa.CGLIB$openTheSite$6(<generated>)
	at com.virco.steps.serenity.CommonUserSteps$$EnhancerByCGLIB$$d8541bfa$$FastClassByCGLIB$$ea8e0f86.invoke(<generated>)
	at net.sf.cglib.proxy.MethodProxy.invokeSuper(MethodProxy.java:228)
	at net.thucydides.core.steps.StepInterceptor.invokeMethod(StepInterceptor.java:372)
	at net.thucydides.core.steps.StepInterceptor.executeTestStepMethod(StepInterceptor.java:357)
	at net.thucydides.core.steps.StepInterceptor.runTestStep(StepInterceptor.java:332)
	at net.thucydides.core.steps.StepInterceptor.testStepResult(StepInterceptor.java:134)
	at net.thucydides.core.steps.StepInterceptor.intercept(StepInterceptor.java:61)
	at com.virco.steps.serenity.CommonUserSteps$$EnhancerByCGLIB$$d8541bfa.openTheSite(<generated>)
	at com.virco.steps.CommonDefinitionSteps.openTheSiteAndLogin(CommonDefinitionSteps.java:72)
	at ✽.Given open the site and login(src/test/resources/features/global_elements/GE3_SocialLinks.feature:22)

net.serenitybdd.core.exceptions.SerenityManagedException: Could not initialize class com.virco.locators.SiteData
	at com.virco.steps.serenity.CommonUserSteps.openTheSite(CommonUserSteps.java:19)
	at com.virco.steps.serenity.CommonUserSteps$$EnhancerByCGLIB$$d8541bfa.CGLIB$openTheSite$6(<generated>)
	at com.virco.steps.serenity.CommonUserSteps$$EnhancerByCGLIB$$d8541bfa$$FastClassByCGLIB$$ea8e0f86.invoke(<generated>)
	at net.sf.cglib.proxy.MethodProxy.invokeSuper(MethodProxy.java:228)
	at net.thucydides.core.steps.StepInterceptor.invokeMethod(StepInterceptor.java:372)
	at net.thucydides.core.steps.StepInterceptor.executeTestStepMethod(StepInterceptor.java:357)
	at net.thucydides.core.steps.StepInterceptor.runTestStep(StepInterceptor.java:332)
	at net.thucydides.core.steps.StepInterceptor.testStepResult(StepInterceptor.java:134)
	at net.thucydides.core.steps.StepInterceptor.intercept(StepInterceptor.java:61)
	at com.virco.steps.serenity.CommonUserSteps$$EnhancerByCGLIB$$d8541bfa.openTheSite(<generated>)
	at com.virco.steps.CommonDefinitionSteps.openTheSiteAndLogin(CommonDefinitionSteps.java:72)
	at ✽.Given open the site and login(src/test/resources/features/global_elements/GE3_SocialLinks.feature:22)

net.serenitybdd.core.exceptions.SerenityManagedException: Could not initialize class com.virco.locators.SiteData
	at com.virco.steps.serenity.CommonUserSteps.openTheSite(CommonUserSteps.java:19)
	at com.virco.steps.serenity.CommonUserSteps$$EnhancerByCGLIB$$d8541bfa.CGLIB$openTheSite$6(<generated>)
	at com.virco.steps.serenity.CommonUserSteps$$EnhancerByCGLIB$$d8541bfa$$FastClassByCGLIB$$ea8e0f86.invoke(<generated>)
	at net.sf.cglib.proxy.MethodProxy.invokeSuper(MethodProxy.java:228)
	at net.thucydides.core.steps.StepInterceptor.invokeMethod(StepInterceptor.java:372)
	at net.thucydides.core.steps.StepInterceptor.executeTestStepMethod(StepInterceptor.java:357)
	at net.thucydides.core.steps.StepInterceptor.runTestStep(StepInterceptor.java:332)
	at net.thucydides.core.steps.StepInterceptor.testStepResult(StepInterceptor.java:134)
	at net.thucydides.core.steps.StepInterceptor.intercept(StepInterceptor.java:61)
	at com.virco.steps.serenity.CommonUserSteps$$EnhancerByCGLIB$$d8541bfa.openTheSite(<generated>)
	at com.virco.steps.CommonDefinitionSteps.openTheSiteAndLogin(CommonDefinitionSteps.java:72)
	at ✽.Given open the site and login(src/test/resources/features/global_elements/GE3_SocialLinks.feature:22)

net.serenitybdd.core.exceptions.SerenityManagedException: Could not initialize class com.virco.locators.SiteData
	at com.virco.steps.serenity.CommonUserSteps.openTheSite(CommonUserSteps.java:19)
	at com.virco.steps.serenity.CommonUserSteps$$EnhancerByCGLIB$$d8541bfa.CGLIB$openTheSite$6(<generated>)
	at com.virco.steps.serenity.CommonUserSteps$$EnhancerByCGLIB$$d8541bfa$$FastClassByCGLIB$$ea8e0f86.invoke(<generated>)
	at net.sf.cglib.proxy.MethodProxy.invokeSuper(MethodProxy.java:228)
	at net.thucydides.core.steps.StepInterceptor.invokeMethod(StepInterceptor.java:372)
	at net.thucydides.core.steps.StepInterceptor.executeTestStepMethod(StepInterceptor.java:357)
	at net.thucydides.core.steps.StepInterceptor.runTestStep(StepInterceptor.java:332)
	at net.thucydides.core.steps.StepInterceptor.testStepResult(StepInterceptor.java:134)
	at net.thucydides.core.steps.StepInterceptor.intercept(StepInterceptor.java:61)
	at com.virco.steps.serenity.CommonUserSteps$$EnhancerByCGLIB$$d8541bfa.openTheSite(<generated>)
	at com.virco.steps.CommonDefinitionSteps.openTheSiteAndLogin(CommonDefinitionSteps.java:72)
	at ✽.Given open the site and login(src/test/resources/features/global_elements/GE4_Versign.feature:7)

net.serenitybdd.core.exceptions.SerenityManagedException: Could not initialize class com.virco.locators.SiteData
	at com.virco.steps.serenity.CommonUserSteps.openTheSite(CommonUserSteps.java:19)
	at com.virco.steps.serenity.CommonUserSteps$$EnhancerByCGLIB$$d8541bfa.CGLIB$openTheSite$6(<generated>)
	at com.virco.steps.serenity.CommonUserSteps$$EnhancerByCGLIB$$d8541bfa$$FastClassByCGLIB$$ea8e0f86.invoke(<generated>)
	at net.sf.cglib.proxy.MethodProxy.invokeSuper(MethodProxy.java:228)
	at net.thucydides.core.steps.StepInterceptor.invokeMethod(StepInterceptor.java:372)
	at net.thucydides.core.steps.StepInterceptor.executeTestStepMethod(StepInterceptor.java:357)
	at net.thucydides.core.steps.StepInterceptor.runTestStep(StepInterceptor.java:332)
	at net.thucydides.core.steps.StepInterceptor.testStepResult(StepInterceptor.java:134)
	at net.thucydides.core.steps.StepInterceptor.intercept(StepInterceptor.java:61)
	at com.virco.steps.serenity.CommonUserSteps$$EnhancerByCGLIB$$d8541bfa.openTheSite(<generated>)
	at com.virco.steps.CommonDefinitionSteps.openTheSiteAndLogin(CommonDefinitionSteps.java:72)
	at ✽.Given open the site and login(src/test/resources/features/global_elements/GE5_BetterBusinessBureau.feature:8)

net.serenitybdd.core.exceptions.SerenityManagedException: Could not initialize class com.virco.locators.SiteData
	at com.virco.steps.serenity.CommonUserSteps.openTheSite(CommonUserSteps.java:19)
	at com.virco.steps.serenity.CommonUserSteps$$EnhancerByCGLIB$$d8541bfa.CGLIB$openTheSite$6(<generated>)
	at com.virco.steps.serenity.CommonUserSteps$$EnhancerByCGLIB$$d8541bfa$$FastClassByCGLIB$$ea8e0f86.invoke(<generated>)
	at net.sf.cglib.proxy.MethodProxy.invokeSuper(MethodProxy.java:228)
	at net.thucydides.core.steps.StepInterceptor.invokeMethod(StepInterceptor.java:372)
	at net.thucydides.core.steps.StepInterceptor.executeTestStepMethod(StepInterceptor.java:357)
	at net.thucydides.core.steps.StepInterceptor.runTestStep(StepInterceptor.java:332)
	at net.thucydides.core.steps.StepInterceptor.testStepResult(StepInterceptor.java:134)
	at net.thucydides.core.steps.StepInterceptor.intercept(StepInterceptor.java:61)
	at com.virco.steps.serenity.CommonUserSteps$$EnhancerByCGLIB$$d8541bfa.openTheSite(<generated>)
	at com.virco.steps.CommonDefinitionSteps.openTheSiteAndLogin(CommonDefinitionSteps.java:72)
	at ✽.Given open the site and login(src/test/resources/features/global_elements/GE5_BetterBusinessBureau.feature:13)

net.serenitybdd.core.exceptions.SerenityManagedException: Could not initialize class com.virco.locators.SiteData
	at com.virco.steps.serenity.CommonUserSteps.openTheSite(CommonUserSteps.java:19)
	at com.virco.steps.serenity.CommonUserSteps$$EnhancerByCGLIB$$d8541bfa.CGLIB$openTheSite$6(<generated>)
	at com.virco.steps.serenity.CommonUserSteps$$EnhancerByCGLIB$$d8541bfa$$FastClassByCGLIB$$ea8e0f86.invoke(<generated>)
	at net.sf.cglib.proxy.MethodProxy.invokeSuper(MethodProxy.java:228)
	at net.thucydides.core.steps.StepInterceptor.invokeMethod(StepInterceptor.java:372)
	at net.thucydides.core.steps.StepInterceptor.executeTestStepMethod(StepInterceptor.java:357)
	at net.thucydides.core.steps.StepInterceptor.runTestStep(StepInterceptor.java:332)
	at net.thucydides.core.steps.StepInterceptor.testStepResult(StepInterceptor.java:134)
	at net.thucydides.core.steps.StepInterceptor.intercept(StepInterceptor.java:61)
	at com.virco.steps.serenity.CommonUserSteps$$EnhancerByCGLIB$$d8541bfa.openTheSite(<generated>)
	at com.virco.steps.CommonDefinitionSteps.openTheSite(CommonDefinitionSteps.java:17)
	at ✽.Given open the site(src/test/resources/features/global_elements/GE6_PaymentBadges.feature:7)

net.serenitybdd.core.exceptions.SerenityManagedException: Could not initialize class com.virco.locators.SiteData
	at com.virco.steps.serenity.CommonUserSteps.openTheSite(CommonUserSteps.java:19)
	at com.virco.steps.serenity.CommonUserSteps$$EnhancerByCGLIB$$d8541bfa.CGLIB$openTheSite$6(<generated>)
	at com.virco.steps.serenity.CommonUserSteps$$EnhancerByCGLIB$$d8541bfa$$FastClassByCGLIB$$ea8e0f86.invoke(<generated>)
	at net.sf.cglib.proxy.MethodProxy.invokeSuper(MethodProxy.java:228)
	at net.thucydides.core.steps.StepInterceptor.invokeMethod(StepInterceptor.java:372)
	at net.thucydides.core.steps.StepInterceptor.executeTestStepMethod(StepInterceptor.java:357)
	at net.thucydides.core.steps.StepInterceptor.runTestStep(StepInterceptor.java:332)
	at net.thucydides.core.steps.StepInterceptor.testStepResult(StepInterceptor.java:134)
	at net.thucydides.core.steps.StepInterceptor.intercept(StepInterceptor.java:61)
	at com.virco.steps.serenity.CommonUserSteps$$EnhancerByCGLIB$$d8541bfa.openTheSite(<generated>)
	at com.virco.steps.CommonDefinitionSteps.openTheSite(CommonDefinitionSteps.java:17)
	at ✽.Given open the site(src/test/resources/features/global_elements/GE6_PaymentBadges.feature:7)

net.serenitybdd.core.exceptions.SerenityManagedException: Could not initialize class com.virco.locators.SiteData
	at com.virco.steps.serenity.CommonUserSteps.openTheSite(CommonUserSteps.java:19)
	at com.virco.steps.serenity.CommonUserSteps$$EnhancerByCGLIB$$d8541bfa.CGLIB$openTheSite$6(<generated>)
	at com.virco.steps.serenity.CommonUserSteps$$EnhancerByCGLIB$$d8541bfa$$FastClassByCGLIB$$ea8e0f86.invoke(<generated>)
	at net.sf.cglib.proxy.MethodProxy.invokeSuper(MethodProxy.java:228)
	at net.thucydides.core.steps.StepInterceptor.invokeMethod(StepInterceptor.java:372)
	at net.thucydides.core.steps.StepInterceptor.executeTestStepMethod(StepInterceptor.java:357)
	at net.thucydides.core.steps.StepInterceptor.runTestStep(StepInterceptor.java:332)
	at net.thucydides.core.steps.StepInterceptor.testStepResult(StepInterceptor.java:134)
	at net.thucydides.core.steps.StepInterceptor.intercept(StepInterceptor.java:61)
	at com.virco.steps.serenity.CommonUserSteps$$EnhancerByCGLIB$$d8541bfa.openTheSite(<generated>)
	at com.virco.steps.CommonDefinitionSteps.openTheSite(CommonDefinitionSteps.java:17)
	at ✽.Given open the site(src/test/resources/features/global_elements/GE6_PaymentBadges.feature:7)

net.serenitybdd.core.exceptions.SerenityManagedException: Could not initialize class com.virco.locators.SiteData
	at com.virco.steps.serenity.CommonUserSteps.openTheSite(CommonUserSteps.java:19)
	at com.virco.steps.serenity.CommonUserSteps$$EnhancerByCGLIB$$d8541bfa.CGLIB$openTheSite$6(<generated>)
	at com.virco.steps.serenity.CommonUserSteps$$EnhancerByCGLIB$$d8541bfa$$FastClassByCGLIB$$ea8e0f86.invoke(<generated>)
	at net.sf.cglib.proxy.MethodProxy.invokeSuper(MethodProxy.java:228)
	at net.thucydides.core.steps.StepInterceptor.invokeMethod(StepInterceptor.java:372)
	at net.thucydides.core.steps.StepInterceptor.executeTestStepMethod(StepInterceptor.java:357)
	at net.thucydides.core.steps.StepInterceptor.runTestStep(StepInterceptor.java:332)
	at net.thucydides.core.steps.StepInterceptor.testStepResult(StepInterceptor.java:134)
	at net.thucydides.core.steps.StepInterceptor.intercept(StepInterceptor.java:61)
	at com.virco.steps.serenity.CommonUserSteps$$EnhancerByCGLIB$$d8541bfa.openTheSite(<generated>)
	at com.virco.steps.CommonDefinitionSteps.openTheSite(CommonDefinitionSteps.java:17)
	at ✽.Given open the site(src/test/resources/features/global_elements/GE6_PaymentBadges.feature:7)

net.serenitybdd.core.exceptions.SerenityManagedException: Could not initialize class com.virco.locators.SiteData
	at com.virco.steps.serenity.CommonUserSteps.openTheSite(CommonUserSteps.java:19)
	at com.virco.steps.serenity.CommonUserSteps$$EnhancerByCGLIB$$d8541bfa.CGLIB$openTheSite$6(<generated>)
	at com.virco.steps.serenity.CommonUserSteps$$EnhancerByCGLIB$$d8541bfa$$FastClassByCGLIB$$ea8e0f86.invoke(<generated>)
	at net.sf.cglib.proxy.MethodProxy.invokeSuper(MethodProxy.java:228)
	at net.thucydides.core.steps.StepInterceptor.invokeMethod(StepInterceptor.java:372)
	at net.thucydides.core.steps.StepInterceptor.executeTestStepMethod(StepInterceptor.java:357)
	at net.thucydides.core.steps.StepInterceptor.runTestStep(StepInterceptor.java:332)
	at net.thucydides.core.steps.StepInterceptor.testStepResult(StepInterceptor.java:134)
	at net.thucydides.core.steps.StepInterceptor.intercept(StepInterceptor.java:61)
	at com.virco.steps.serenity.CommonUserSteps$$EnhancerByCGLIB$$d8541bfa.openTheSite(<generated>)
	at com.virco.steps.CommonDefinitionSteps.openTheSite(CommonDefinitionSteps.java:17)
	at ✽.Given open the site(src/test/resources/features/global_elements/GE6_PaymentBadges.feature:7)

net.serenitybdd.core.exceptions.SerenityManagedException: Could not initialize class com.virco.locators.SiteData
	at com.virco.steps.serenity.CommonUserSteps.openTheSite(CommonUserSteps.java:19)
	at com.virco.steps.serenity.CommonUserSteps$$EnhancerByCGLIB$$d8541bfa.CGLIB$openTheSite$6(<generated>)
	at com.virco.steps.serenity.CommonUserSteps$$EnhancerByCGLIB$$d8541bfa$$FastClassByCGLIB$$ea8e0f86.invoke(<generated>)
	at net.sf.cglib.proxy.MethodProxy.invokeSuper(MethodProxy.java:228)
	at net.thucydides.core.steps.StepInterceptor.invokeMethod(StepInterceptor.java:372)
	at net.thucydides.core.steps.StepInterceptor.executeTestStepMethod(StepInterceptor.java:357)
	at net.thucydides.core.steps.StepInterceptor.runTestStep(StepInterceptor.java:332)
	at net.thucydides.core.steps.StepInterceptor.testStepResult(StepInterceptor.java:134)
	at net.thucydides.core.steps.StepInterceptor.intercept(StepInterceptor.java:61)
	at com.virco.steps.serenity.CommonUserSteps$$EnhancerByCGLIB$$d8541bfa.openTheSite(<generated>)
	at com.virco.steps.CommonDefinitionSteps.openTheSite(CommonDefinitionSteps.java:17)
	at ✽.Given open the site(src/test/resources/features/global_elements/GE6_PaymentBadges.feature:7)

net.serenitybdd.core.exceptions.SerenityManagedException: Could not initialize class com.virco.locators.SiteData
	at com.virco.steps.serenity.CommonUserSteps.openTheSite(CommonUserSteps.java:19)
	at com.virco.steps.serenity.CommonUserSteps$$EnhancerByCGLIB$$d8541bfa.CGLIB$openTheSite$6(<generated>)
	at com.virco.steps.serenity.CommonUserSteps$$EnhancerByCGLIB$$d8541bfa$$FastClassByCGLIB$$ea8e0f86.invoke(<generated>)
	at net.sf.cglib.proxy.MethodProxy.invokeSuper(MethodProxy.java:228)
	at net.thucydides.core.steps.StepInterceptor.invokeMethod(StepInterceptor.java:372)
	at net.thucydides.core.steps.StepInterceptor.executeTestStepMethod(StepInterceptor.java:357)
	at net.thucydides.core.steps.StepInterceptor.runTestStep(StepInterceptor.java:332)
	at net.thucydides.core.steps.StepInterceptor.testStepResult(StepInterceptor.java:134)
	at net.thucydides.core.steps.StepInterceptor.intercept(StepInterceptor.java:61)
	at com.virco.steps.serenity.CommonUserSteps$$EnhancerByCGLIB$$d8541bfa.openTheSite(<generated>)
	at com.virco.steps.CommonDefinitionSteps.openTheSiteAndLogin(CommonDefinitionSteps.java:72)
	at ✽.Given open the site and login(src/test/resources/features/global_elements/GE7_TopCategoryNavigation.feature:15)

net.serenitybdd.core.exceptions.SerenityManagedException: Could not initialize class com.virco.locators.SiteData
	at com.virco.steps.serenity.CommonUserSteps.openTheSite(CommonUserSteps.java:19)
	at com.virco.steps.serenity.CommonUserSteps$$EnhancerByCGLIB$$d8541bfa.CGLIB$openTheSite$6(<generated>)
	at com.virco.steps.serenity.CommonUserSteps$$EnhancerByCGLIB$$d8541bfa$$FastClassByCGLIB$$ea8e0f86.invoke(<generated>)
	at net.sf.cglib.proxy.MethodProxy.invokeSuper(MethodProxy.java:228)
	at net.thucydides.core.steps.StepInterceptor.invokeMethod(StepInterceptor.java:372)
	at net.thucydides.core.steps.StepInterceptor.executeTestStepMethod(StepInterceptor.java:357)
	at net.thucydides.core.steps.StepInterceptor.runTestStep(StepInterceptor.java:332)
	at net.thucydides.core.steps.StepInterceptor.testStepResult(StepInterceptor.java:134)
	at net.thucydides.core.steps.StepInterceptor.intercept(StepInterceptor.java:61)
	at com.virco.steps.serenity.CommonUserSteps$$EnhancerByCGLIB$$d8541bfa.openTheSite(<generated>)
	at com.virco.steps.CommonDefinitionSteps.openTheSiteAndLogin(CommonDefinitionSteps.java:72)
	at ✽.Given open the site and login(src/test/resources/features/global_elements/GE7_TopCategoryNavigation.feature:28)

net.serenitybdd.core.exceptions.SerenityManagedException: Could not initialize class com.virco.locators.SiteData
	at com.virco.steps.serenity.CommonUserSteps.openTheSite(CommonUserSteps.java:19)
	at com.virco.steps.serenity.CommonUserSteps$$EnhancerByCGLIB$$d8541bfa.CGLIB$openTheSite$6(<generated>)
	at com.virco.steps.serenity.CommonUserSteps$$EnhancerByCGLIB$$d8541bfa$$FastClassByCGLIB$$ea8e0f86.invoke(<generated>)
	at net.sf.cglib.proxy.MethodProxy.invokeSuper(MethodProxy.java:228)
	at net.thucydides.core.steps.StepInterceptor.invokeMethod(StepInterceptor.java:372)
	at net.thucydides.core.steps.StepInterceptor.executeTestStepMethod(StepInterceptor.java:357)
	at net.thucydides.core.steps.StepInterceptor.runTestStep(StepInterceptor.java:332)
	at net.thucydides.core.steps.StepInterceptor.testStepResult(StepInterceptor.java:134)
	at net.thucydides.core.steps.StepInterceptor.intercept(StepInterceptor.java:61)
	at com.virco.steps.serenity.CommonUserSteps$$EnhancerByCGLIB$$d8541bfa.openTheSite(<generated>)
	at com.virco.steps.CommonDefinitionSteps.openTheSiteAndLogin(CommonDefinitionSteps.java:72)
	at ✽.Given open the site and login(src/test/resources/features/global_elements/GE7_TopCategoryNavigation.feature:28)

net.serenitybdd.core.exceptions.SerenityManagedException: Could not initialize class com.virco.locators.SiteData
	at com.virco.steps.serenity.CommonUserSteps.openTheSite(CommonUserSteps.java:19)
	at com.virco.steps.serenity.CommonUserSteps$$EnhancerByCGLIB$$d8541bfa.CGLIB$openTheSite$6(<generated>)
	at com.virco.steps.serenity.CommonUserSteps$$EnhancerByCGLIB$$d8541bfa$$FastClassByCGLIB$$ea8e0f86.invoke(<generated>)
	at net.sf.cglib.proxy.MethodProxy.invokeSuper(MethodProxy.java:228)
	at net.thucydides.core.steps.StepInterceptor.invokeMethod(StepInterceptor.java:372)
	at net.thucydides.core.steps.StepInterceptor.executeTestStepMethod(StepInterceptor.java:357)
	at net.thucydides.core.steps.StepInterceptor.runTestStep(StepInterceptor.java:332)
	at net.thucydides.core.steps.StepInterceptor.testStepResult(StepInterceptor.java:134)
	at net.thucydides.core.steps.StepInterceptor.intercept(StepInterceptor.java:61)
	at com.virco.steps.serenity.CommonUserSteps$$EnhancerByCGLIB$$d8541bfa.openTheSite(<generated>)
	at com.virco.steps.CommonDefinitionSteps.openTheSiteAndLogin(CommonDefinitionSteps.java:72)
	at ✽.Given open the site and login(src/test/resources/features/global_elements/GE7_TopCategoryNavigation.feature:28)

net.serenitybdd.core.exceptions.SerenityManagedException: Could not initialize class com.virco.locators.SiteData
	at com.virco.steps.serenity.CommonUserSteps.openTheSite(CommonUserSteps.java:19)
	at com.virco.steps.serenity.CommonUserSteps$$EnhancerByCGLIB$$d8541bfa.CGLIB$openTheSite$6(<generated>)
	at com.virco.steps.serenity.CommonUserSteps$$EnhancerByCGLIB$$d8541bfa$$FastClassByCGLIB$$ea8e0f86.invoke(<generated>)
	at net.sf.cglib.proxy.MethodProxy.invokeSuper(MethodProxy.java:228)
	at net.thucydides.core.steps.StepInterceptor.invokeMethod(StepInterceptor.java:372)
	at net.thucydides.core.steps.StepInterceptor.executeTestStepMethod(StepInterceptor.java:357)
	at net.thucydides.core.steps.StepInterceptor.runTestStep(StepInterceptor.java:332)
	at net.thucydides.core.steps.StepInterceptor.testStepResult(StepInterceptor.java:134)
	at net.thucydides.core.steps.StepInterceptor.intercept(StepInterceptor.java:61)
	at com.virco.steps.serenity.CommonUserSteps$$EnhancerByCGLIB$$d8541bfa.openTheSite(<generated>)
	at com.virco.steps.CommonDefinitionSteps.openTheSiteAndLogin(CommonDefinitionSteps.java:72)
	at ✽.Given open the site and login(src/test/resources/features/global_elements/GE7_TopCategoryNavigation.feature:28)

net.serenitybdd.core.exceptions.SerenityManagedException: Could not initialize class com.virco.locators.SiteData
	at com.virco.steps.serenity.CommonUserSteps.openTheSite(CommonUserSteps.java:19)
	at com.virco.steps.serenity.CommonUserSteps$$EnhancerByCGLIB$$d8541bfa.CGLIB$openTheSite$6(<generated>)
	at com.virco.steps.serenity.CommonUserSteps$$EnhancerByCGLIB$$d8541bfa$$FastClassByCGLIB$$ea8e0f86.invoke(<generated>)
	at net.sf.cglib.proxy.MethodProxy.invokeSuper(MethodProxy.java:228)
	at net.thucydides.core.steps.StepInterceptor.invokeMethod(StepInterceptor.java:372)
	at net.thucydides.core.steps.StepInterceptor.executeTestStepMethod(StepInterceptor.java:357)
	at net.thucydides.core.steps.StepInterceptor.runTestStep(StepInterceptor.java:332)
	at net.thucydides.core.steps.StepInterceptor.testStepResult(StepInterceptor.java:134)
	at net.thucydides.core.steps.StepInterceptor.intercept(StepInterceptor.java:61)
	at com.virco.steps.serenity.CommonUserSteps$$EnhancerByCGLIB$$d8541bfa.openTheSite(<generated>)
	at com.virco.steps.CommonDefinitionSteps.openTheSiteAndLogin(CommonDefinitionSteps.java:72)
	at ✽.Given open the site and login(src/test/resources/features/global_elements/GE7_TopCategoryNavigation.feature:28)

net.serenitybdd.core.exceptions.SerenityManagedException: Could not initialize class com.virco.locators.SiteData
	at com.virco.steps.serenity.CommonUserSteps.openTheSite(CommonUserSteps.java:19)
	at com.virco.steps.serenity.CommonUserSteps$$EnhancerByCGLIB$$d8541bfa.CGLIB$openTheSite$6(<generated>)
	at com.virco.steps.serenity.CommonUserSteps$$EnhancerByCGLIB$$d8541bfa$$FastClassByCGLIB$$ea8e0f86.invoke(<generated>)
	at net.sf.cglib.proxy.MethodProxy.invokeSuper(MethodProxy.java:228)
	at net.thucydides.core.steps.StepInterceptor.invokeMethod(StepInterceptor.java:372)
	at net.thucydides.core.steps.StepInterceptor.executeTestStepMethod(StepInterceptor.java:357)
	at net.thucydides.core.steps.StepInterceptor.runTestStep(StepInterceptor.java:332)
	at net.thucydides.core.steps.StepInterceptor.testStepResult(StepInterceptor.java:134)
	at net.thucydides.core.steps.StepInterceptor.intercept(StepInterceptor.java:61)
	at com.virco.steps.serenity.CommonUserSteps$$EnhancerByCGLIB$$d8541bfa.openTheSite(<generated>)
	at com.virco.steps.CommonDefinitionSteps.openTheSiteAndLogin(CommonDefinitionSteps.java:72)
	at ✽.Given open the site and login(src/test/resources/features/global_elements/GE7_TopCategoryNavigation.feature:28)

net.serenitybdd.core.exceptions.SerenityManagedException: Could not initialize class com.virco.locators.SiteData
	at com.virco.steps.serenity.CommonUserSteps.openTheSite(CommonUserSteps.java:19)
	at com.virco.steps.serenity.CommonUserSteps$$EnhancerByCGLIB$$d8541bfa.CGLIB$openTheSite$6(<generated>)
	at com.virco.steps.serenity.CommonUserSteps$$EnhancerByCGLIB$$d8541bfa$$FastClassByCGLIB$$ea8e0f86.invoke(<generated>)
	at net.sf.cglib.proxy.MethodProxy.invokeSuper(MethodProxy.java:228)
	at net.thucydides.core.steps.StepInterceptor.invokeMethod(StepInterceptor.java:372)
	at net.thucydides.core.steps.StepInterceptor.executeTestStepMethod(StepInterceptor.java:357)
	at net.thucydides.core.steps.StepInterceptor.runTestStep(StepInterceptor.java:332)
	at net.thucydides.core.steps.StepInterceptor.testStepResult(StepInterceptor.java:134)
	at net.thucydides.core.steps.StepInterceptor.intercept(StepInterceptor.java:61)
	at com.virco.steps.serenity.CommonUserSteps$$EnhancerByCGLIB$$d8541bfa.openTheSite(<generated>)
	at com.virco.steps.CommonDefinitionSteps.openTheSiteAndLogin(CommonDefinitionSteps.java:72)
	at ✽.Given open the site and login(src/test/resources/features/global_elements/GE7_TopCategoryNavigation.feature:28)

net.serenitybdd.core.exceptions.SerenityManagedException: Could not initialize class com.virco.locators.SiteData
	at com.virco.steps.serenity.CommonUserSteps.openTheSite(CommonUserSteps.java:19)
	at com.virco.steps.serenity.CommonUserSteps$$EnhancerByCGLIB$$d8541bfa.CGLIB$openTheSite$6(<generated>)
	at com.virco.steps.serenity.CommonUserSteps$$EnhancerByCGLIB$$d8541bfa$$FastClassByCGLIB$$ea8e0f86.invoke(<generated>)
	at net.sf.cglib.proxy.MethodProxy.invokeSuper(MethodProxy.java:228)
	at net.thucydides.core.steps.StepInterceptor.invokeMethod(StepInterceptor.java:372)
	at net.thucydides.core.steps.StepInterceptor.executeTestStepMethod(StepInterceptor.java:357)
	at net.thucydides.core.steps.StepInterceptor.runTestStep(StepInterceptor.java:332)
	at net.thucydides.core.steps.StepInterceptor.testStepResult(StepInterceptor.java:134)
	at net.thucydides.core.steps.StepInterceptor.intercept(StepInterceptor.java:61)
	at com.virco.steps.serenity.CommonUserSteps$$EnhancerByCGLIB$$d8541bfa.openTheSite(<generated>)
	at com.virco.steps.CommonDefinitionSteps.openTheSiteAndLogin(CommonDefinitionSteps.java:72)
	at ✽.Given open the site and login(src/test/resources/features/global_elements/GE7_TopCategoryNavigation.feature:28)

net.serenitybdd.core.exceptions.SerenityManagedException: Could not initialize class com.virco.locators.SiteData
	at com.virco.steps.serenity.CommonUserSteps.openTheSite(CommonUserSteps.java:19)
	at com.virco.steps.serenity.CommonUserSteps$$EnhancerByCGLIB$$d8541bfa.CGLIB$openTheSite$6(<generated>)
	at com.virco.steps.serenity.CommonUserSteps$$EnhancerByCGLIB$$d8541bfa$$FastClassByCGLIB$$ea8e0f86.invoke(<generated>)
	at net.sf.cglib.proxy.MethodProxy.invokeSuper(MethodProxy.java:228)
	at net.thucydides.core.steps.StepInterceptor.invokeMethod(StepInterceptor.java:372)
	at net.thucydides.core.steps.StepInterceptor.executeTestStepMethod(StepInterceptor.java:357)
	at net.thucydides.core.steps.StepInterceptor.runTestStep(StepInterceptor.java:332)
	at net.thucydides.core.steps.StepInterceptor.testStepResult(StepInterceptor.java:134)
	at net.thucydides.core.steps.StepInterceptor.intercept(StepInterceptor.java:61)
	at com.virco.steps.serenity.CommonUserSteps$$EnhancerByCGLIB$$d8541bfa.openTheSite(<generated>)
	at com.virco.steps.CommonDefinitionSteps.openTheSiteAndLogin(CommonDefinitionSteps.java:72)
	at ✽.Given open the site and login(src/test/resources/features/global_elements/PLD_GlobalElements_Footer.feature:6)

net.serenitybdd.core.exceptions.SerenityManagedException: Could not initialize class com.virco.locators.SiteData
	at com.virco.steps.serenity.CommonUserSteps.openTheSite(CommonUserSteps.java:19)
	at com.virco.steps.serenity.CommonUserSteps$$EnhancerByCGLIB$$d8541bfa.CGLIB$openTheSite$6(<generated>)
	at com.virco.steps.serenity.CommonUserSteps$$EnhancerByCGLIB$$d8541bfa$$FastClassByCGLIB$$ea8e0f86.invoke(<generated>)
	at net.sf.cglib.proxy.MethodProxy.invokeSuper(MethodProxy.java:228)
	at net.thucydides.core.steps.StepInterceptor.invokeMethod(StepInterceptor.java:372)
	at net.thucydides.core.steps.StepInterceptor.executeTestStepMethod(StepInterceptor.java:357)
	at net.thucydides.core.steps.StepInterceptor.runTestStep(StepInterceptor.java:332)
	at net.thucydides.core.steps.StepInterceptor.testStepResult(StepInterceptor.java:134)
	at net.thucydides.core.steps.StepInterceptor.intercept(StepInterceptor.java:61)
	at com.virco.steps.serenity.CommonUserSteps$$EnhancerByCGLIB$$d8541bfa.openTheSite(<generated>)
	at com.virco.steps.CommonDefinitionSteps.openTheSiteAndLogin(CommonDefinitionSteps.java:72)
	at ✽.Given open the site and login(src/test/resources/features/global_elements/PLD_GlobalElements_Footer.feature:11)

net.serenitybdd.core.exceptions.SerenityManagedException: Could not initialize class com.virco.locators.SiteData
	at com.virco.steps.serenity.CommonUserSteps.openTheSite(CommonUserSteps.java:19)
	at com.virco.steps.serenity.CommonUserSteps$$EnhancerByCGLIB$$d8541bfa.CGLIB$openTheSite$6(<generated>)
	at com.virco.steps.serenity.CommonUserSteps$$EnhancerByCGLIB$$d8541bfa$$FastClassByCGLIB$$ea8e0f86.invoke(<generated>)
	at net.sf.cglib.proxy.MethodProxy.invokeSuper(MethodProxy.java:228)
	at net.thucydides.core.steps.StepInterceptor.invokeMethod(StepInterceptor.java:372)
	at net.thucydides.core.steps.StepInterceptor.executeTestStepMethod(StepInterceptor.java:357)
	at net.thucydides.core.steps.StepInterceptor.runTestStep(StepInterceptor.java:332)
	at net.thucydides.core.steps.StepInterceptor.testStepResult(StepInterceptor.java:134)
	at net.thucydides.core.steps.StepInterceptor.intercept(StepInterceptor.java:61)
	at com.virco.steps.serenity.CommonUserSteps$$EnhancerByCGLIB$$d8541bfa.openTheSite(<generated>)
	at com.virco.steps.CommonDefinitionSteps.openTheSiteAndLogin(CommonDefinitionSteps.java:72)
	at ✽.Given open the site and login(src/test/resources/features/global_elements/PLD_GlobalElements_Footer.feature:16)

net.serenitybdd.core.exceptions.SerenityManagedException: Could not initialize class com.virco.locators.SiteData
	at com.virco.steps.serenity.CommonUserSteps.openTheSite(CommonUserSteps.java:19)
	at com.virco.steps.serenity.CommonUserSteps$$EnhancerByCGLIB$$d8541bfa.CGLIB$openTheSite$6(<generated>)
	at com.virco.steps.serenity.CommonUserSteps$$EnhancerByCGLIB$$d8541bfa$$FastClassByCGLIB$$ea8e0f86.invoke(<generated>)
	at net.sf.cglib.proxy.MethodProxy.invokeSuper(MethodProxy.java:228)
	at net.thucydides.core.steps.StepInterceptor.invokeMethod(StepInterceptor.java:372)
	at net.thucydides.core.steps.StepInterceptor.executeTestStepMethod(StepInterceptor.java:357)
	at net.thucydides.core.steps.StepInterceptor.runTestStep(StepInterceptor.java:332)
	at net.thucydides.core.steps.StepInterceptor.testStepResult(StepInterceptor.java:134)
	at net.thucydides.core.steps.StepInterceptor.intercept(StepInterceptor.java:61)
	at com.virco.steps.serenity.CommonUserSteps$$EnhancerByCGLIB$$d8541bfa.openTheSite(<generated>)
	at com.virco.steps.CommonDefinitionSteps.openTheSiteAndLogin(CommonDefinitionSteps.java:72)
	at ✽.Given open the site and login(src/test/resources/features/global_elements/PLD_GlobalElements_Footer.feature:21)

]]></system-out>
    <system-err><![CDATA[[main] INFO net.serenitybdd.core.Serenity - IGNORING STEP
[main] ERROR net.serenitybdd.core.Serenity - 
           __  _____ _____ ____ _____   _____ _    ___ _     _____ ____  
  _       / / |_   _| ____/ ___|_   _| |  ___/ \  |_ _| |   | ____|  _ \ 
 (_)_____| |    | | |  _| \___ \ | |   | |_ / _ \  | || |   |  _| | | | |
  _|_____| |    | | | |___ ___) || |   |  _/ ___ \ | || |___| |___| |_| |
 (_)     | |    |_| |_____|____/ |_|   |_|/_/   \_\___|_____|_____|____/ 
          \_\                                                            

TEST FAILED WITH ERROR: VIR-302.04 Verify Follow Us title
---------------------------------------------------------------------
[main] ERROR net.serenitybdd.core.Serenity - TEST FAILED AT STEP Open the site
[main] ERROR net.serenitybdd.core.Serenity - Could not initialize class com.virco.locators.SiteData
[pool-1-thread-4] INFO net.thucydides.core.reports.json.JSONTestOutcomeReporter - Generating JSON report for VIR-253.01 Verify that the order tracking link is shown to the shopper near My Account to file /Users/rodionsavchuk/hybrisAutomation/virco-automatedtests/target/site/serenity/fd4cf254160bd12cc4c3f6ef9a4eb5b8eb245617933ff20cf414bce350ff5464.json (using temp file /Users/rodionsavchuk/hybrisAutomation/virco-automatedtests/target/site/serenity/fd4cf254160bd12cc4c3f6ef9a4eb5b8eb245617933ff20cf414bce350ff5464.json6431698e-3005-4f6c-9a7d-ee5fca3819e5)
[pool-1-thread-3] INFO net.thucydides.core.reports.json.JSONTestOutcomeReporter - Generating JSON report for VIR-255.01 Verify that the virco copyright text "c 2017 Vicro. All Right Reserved" is shown at the footer right bottom to file /Users/rodionsavchuk/hybrisAutomation/virco-automatedtests/target/site/serenity/4e476bf286a18d4cef2e0473cce9ae9549357e2c298c893c3eec6cb2ea7c44aa.json (using temp file /Users/rodionsavchuk/hybrisAutomation/virco-automatedtests/target/site/serenity/4e476bf286a18d4cef2e0473cce9ae9549357e2c298c893c3eec6cb2ea7c44aa.jsoncd5de868-a003-4c6c-a734-42d84b518846)
[pool-1-thread-2] INFO net.thucydides.core.reports.json.JSONTestOutcomeReporter - Generating JSON report for VIR-253.02 Verify that the tracking information is shown on the new page by clicking on the link to file /Users/rodionsavchuk/hybrisAutomation/virco-automatedtests/target/site/serenity/5b7b36cdf5fcf9acda47d105a640d131ad7d974ef06c85589e5b8cf67dbe1b3c.json (using temp file /Users/rodionsavchuk/hybrisAutomation/virco-automatedtests/target/site/serenity/5b7b36cdf5fcf9acda47d105a640d131ad7d974ef06c85589e5b8cf67dbe1b3c.json7ddeba68-72a1-4def-9b79-cc1dd888cc1c)
[pool-1-thread-1] INFO net.thucydides.core.reports.json.JSONTestOutcomeReporter - Generating JSON report for VIR-254.01 Verify that the page with terms and conditions is opened after clicking on the privacy terms link at the footer to file /Users/rodionsavchuk/hybrisAutomation/virco-automatedtests/target/site/serenity/d2261d35da779c2c27506e5c857d0825c3c76c5f9a92f5f9bc091c80c074d825.json (using temp file /Users/rodionsavchuk/hybrisAutomation/virco-automatedtests/target/site/serenity/d2261d35da779c2c27506e5c857d0825c3c76c5f9a92f5f9bc091c80c074d825.jsona95c7f11-c112-4447-a9bc-57213a9a82f6)
[pool-1-thread-4] INFO net.thucydides.core.reports.json.JSONTestOutcomeReporter - Generating JSON report for VIR-256.01 Verify that the Search Bar is shown to the shopper from the right header to file /Users/rodionsavchuk/hybrisAutomation/virco-automatedtests/target/site/serenity/1779c260e6c545b433ae4a09e41667a240e0541b38dc34da5d8cf7080c438915.json (using temp file /Users/rodionsavchuk/hybrisAutomation/virco-automatedtests/target/site/serenity/1779c260e6c545b433ae4a09e41667a240e0541b38dc34da5d8cf7080c438915.jsonb6504940-1dbd-473e-b611-1090e3d7dfec)
[pool-1-thread-2] INFO net.thucydides.core.reports.json.JSONTestOutcomeReporter - Generating JSON report for VIR-256.02 Verify that the contract is shown next after search bar on the header to file /Users/rodionsavchuk/hybrisAutomation/virco-automatedtests/target/site/serenity/77d5a2f2c2bd55f0cf60167f30633477b4c9f4c14378de66ef710c26dd019946.json (using temp file /Users/rodionsavchuk/hybrisAutomation/virco-automatedtests/target/site/serenity/77d5a2f2c2bd55f0cf60167f30633477b4c9f4c14378de66ef710c26dd019946.jsond01bf7cd-4188-4640-b414-6f7fd463cc09)
[pool-1-thread-3] INFO net.thucydides.core.reports.json.JSONTestOutcomeReporter - Generating JSON report for VIR-256.03 Verify that the Search Bar/contract are shown on navigating through the site to file /Users/rodionsavchuk/hybrisAutomation/virco-automatedtests/target/site/serenity/a89e33ad4f9d29f2b9139c80f8fdf5e1323b59c44d8c4721706a10958bad5de9.json (using temp file /Users/rodionsavchuk/hybrisAutomation/virco-automatedtests/target/site/serenity/a89e33ad4f9d29f2b9139c80f8fdf5e1323b59c44d8c4721706a10958bad5de9.json5efa2b5e-f13c-4d48-a96b-3734fa067deb)
[pool-1-thread-1] INFO net.thucydides.core.reports.json.JSONTestOutcomeReporter - Generating JSON report for VIR-115.01 Verify that the breadcrumb path shows the navigation from the root to the child nodes to file /Users/rodionsavchuk/hybrisAutomation/virco-automatedtests/target/site/serenity/cf5129d1c9ef989c47c1fb7e1586d44a6296e6c05faca239c90a4e8690262a52.json (using temp file /Users/rodionsavchuk/hybrisAutomation/virco-automatedtests/target/site/serenity/cf5129d1c9ef989c47c1fb7e1586d44a6296e6c05faca239c90a4e8690262a52.json109ac16f-5ec5-4025-8875-8e0a4d691a12)
[pool-1-thread-2] INFO net.thucydides.core.reports.json.JSONTestOutcomeReporter - Generating JSON report for VIR-115.05 Verify that the opened page's name in breadcrumb is shown as a text to file /Users/rodionsavchuk/hybrisAutomation/virco-automatedtests/target/site/serenity/1492ab762e9e7663dcc5ca3c3f4395e69aea14dd259a5ad62a083ba7bcae52c1.json (using temp file /Users/rodionsavchuk/hybrisAutomation/virco-automatedtests/target/site/serenity/1492ab762e9e7663dcc5ca3c3f4395e69aea14dd259a5ad62a083ba7bcae52c1.json372ec28b-e2b9-493c-8e30-d34ae30919f7)
[pool-1-thread-3] INFO net.thucydides.core.reports.json.JSONTestOutcomeReporter - Generating JSON report for VIR-115.03 Verify that the breadcrumb conventions are determined by site taxonomy to file /Users/rodionsavchuk/hybrisAutomation/virco-automatedtests/target/site/serenity/7a7b8ec9b3fc408b409878bbace0610880338452e74cf503035bafb9d25235f5.json (using temp file /Users/rodionsavchuk/hybrisAutomation/virco-automatedtests/target/site/serenity/7a7b8ec9b3fc408b409878bbace0610880338452e74cf503035bafb9d25235f5.json5855af5a-885d-4b17-90bc-393d80dbc694)
[pool-1-thread-4] INFO net.thucydides.core.reports.json.JSONTestOutcomeReporter - Generating JSON report for VIR-115.02 Verify that the shopper is moved to the appropriate page after clicking on the breadcrumb node to file /Users/rodionsavchuk/hybrisAutomation/virco-automatedtests/target/site/serenity/1aba57f37ae93dee3bd8f3f464d0cb4c75cad1523221a6874cb2bddb9d174a4e.json (using temp file /Users/rodionsavchuk/hybrisAutomation/virco-automatedtests/target/site/serenity/1aba57f37ae93dee3bd8f3f464d0cb4c75cad1523221a6874cb2bddb9d174a4e.json66683775-0d42-4844-9a8c-64b8e6fcd370)
[pool-1-thread-3] INFO net.thucydides.core.reports.json.JSONTestOutcomeReporter - Generating JSON report for VIR-115.04 Verify that the breadcrumb is shown below main menu to file /Users/rodionsavchuk/hybrisAutomation/virco-automatedtests/target/site/serenity/4feaf55320ae6bbedded3b452650ee607501ff888f1c1e9e0716f1b67eaf4fa0.json (using temp file /Users/rodionsavchuk/hybrisAutomation/virco-automatedtests/target/site/serenity/4feaf55320ae6bbedded3b452650ee607501ff888f1c1e9e0716f1b67eaf4fa0.json7b29406f-d2bc-4ea9-8c03-0132cbb28728)
[pool-1-thread-4] INFO net.thucydides.core.reports.json.JSONTestOutcomeReporter - Generating JSON report for VIR-116.01 Verify that the badges (logo) is shown for the customer at the header to file /Users/rodionsavchuk/hybrisAutomation/virco-automatedtests/target/site/serenity/1ef3414060f1be96b233de8b5a00b023933f78bd4d4b4ee332f3d88f6eb8a4ed.json (using temp file /Users/rodionsavchuk/hybrisAutomation/virco-automatedtests/target/site/serenity/1ef3414060f1be96b233de8b5a00b023933f78bd4d4b4ee332f3d88f6eb8a4ed.jsond69846c7-f429-4d0c-9a99-130c8cb5023f)
[pool-1-thread-2] INFO net.thucydides.core.reports.json.JSONTestOutcomeReporter - Generating JSON report for VIR-115.06 Verify that the breadcrumb nodes are separated by "/" to file /Users/rodionsavchuk/hybrisAutomation/virco-automatedtests/target/site/serenity/3d4eb7c4641168b449746239244ec8e3ec141f509f26bbe71f6194b3e2eda6d0.json (using temp file /Users/rodionsavchuk/hybrisAutomation/virco-automatedtests/target/site/serenity/3d4eb7c4641168b449746239244ec8e3ec141f509f26bbe71f6194b3e2eda6d0.json4ad16612-c824-4d64-83c9-976ecc0c4c15)
[pool-1-thread-1] INFO net.thucydides.core.reports.json.JSONTestOutcomeReporter - Generating JSON report for VIR-116.02 Verify that the clicking on badges the system opens the Home page to file /Users/rodionsavchuk/hybrisAutomation/virco-automatedtests/target/site/serenity/19507f543883d18a2d86559d91cb1aca74820092eb0298d89198a3fd4c6c9851.json (using temp file /Users/rodionsavchuk/hybrisAutomation/virco-automatedtests/target/site/serenity/19507f543883d18a2d86559d91cb1aca74820092eb0298d89198a3fd4c6c9851.json9de373bd-9cf8-4ee5-8838-d870581fcc56)
[pool-1-thread-3] INFO net.thucydides.core.reports.json.JSONTestOutcomeReporter - Generating JSON report for VIR-117.01 Verify that the social links of the companies social media channels are shown in the footer to file /Users/rodionsavchuk/hybrisAutomation/virco-automatedtests/target/site/serenity/fcb6a528b9d34d46b326be548cff4a2893f09a4afdcb901124067cd4059a4e8d.json (using temp file /Users/rodionsavchuk/hybrisAutomation/virco-automatedtests/target/site/serenity/fcb6a528b9d34d46b326be548cff4a2893f09a4afdcb901124067cd4059a4e8d.json02baaf7d-9709-4451-a089-51c75ddff1ce)
[pool-1-thread-4] INFO net.thucydides.core.reports.json.JSONTestOutcomeReporter - Generating JSON report for VIR-117.02 Verify that the shopper is moved to the appropriate Virco's social media channels after clicking on the social link to file /Users/rodionsavchuk/hybrisAutomation/virco-automatedtests/target/site/serenity/3668b47d321fd4b240c9218a86827df70fdd0ab710553683edff5c6d3fb55eec.json (using temp file /Users/rodionsavchuk/hybrisAutomation/virco-automatedtests/target/site/serenity/3668b47d321fd4b240c9218a86827df70fdd0ab710553683edff5c6d3fb55eec.json4dbc81ad-12e4-4356-960c-476fdc196b8a)
[pool-1-thread-3] INFO net.thucydides.core.reports.json.JSONTestOutcomeReporter - Generating JSON report for VIR-119.01 Verify that the BBB rating is shown in the footer to file /Users/rodionsavchuk/hybrisAutomation/virco-automatedtests/target/site/serenity/33c14e5ba09621357dc624dd2cb340e26e990a0ba883335d598d4259ef63d655.json (using temp file /Users/rodionsavchuk/hybrisAutomation/virco-automatedtests/target/site/serenity/33c14e5ba09621357dc624dd2cb340e26e990a0ba883335d598d4259ef63d655.json50a42fb1-f2dd-4604-8a29-a189e86e1678)
[pool-1-thread-2] INFO net.thucydides.core.reports.json.JSONTestOutcomeReporter - Generating JSON report for VIR-118.01 Verify that the Verisign credentials are shown in the footer of the site to file /Users/rodionsavchuk/hybrisAutomation/virco-automatedtests/target/site/serenity/58ef78d103238a7cda447a5349991cea31dd7ee563fc7cf918ed3befc5ba1ca8.json (using temp file /Users/rodionsavchuk/hybrisAutomation/virco-automatedtests/target/site/serenity/58ef78d103238a7cda447a5349991cea31dd7ee563fc7cf918ed3befc5ba1ca8.json1cad1422-d62d-4458-87dd-dac93fb1cb6e)
[pool-1-thread-1] INFO net.thucydides.core.reports.json.JSONTestOutcomeReporter - Generating JSON report for VIR-119.02 Verify that the proper BBB rating is shown to the customer to file /Users/rodionsavchuk/hybrisAutomation/virco-automatedtests/target/site/serenity/b3d46b1702b6492e9dea168f20b4b1166618675b929e90a5ccb7dade75f13f1f.json (using temp file /Users/rodionsavchuk/hybrisAutomation/virco-automatedtests/target/site/serenity/b3d46b1702b6492e9dea168f20b4b1166618675b929e90a5ccb7dade75f13f1f.json93c74a9c-f8a6-4815-bb17-33f708e10827)
[pool-1-thread-3] INFO net.thucydides.core.reports.json.JSONTestOutcomeReporter - Generating JSON report for VIR-120.01 Verify that the following accepted payment types are shown to the customer in the footer of the site to file /Users/rodionsavchuk/hybrisAutomation/virco-automatedtests/target/site/serenity/b01cc1962289678b5789a4d5eecbac1e00c2e91e9f2438780a5c5a265060da61.json (using temp file /Users/rodionsavchuk/hybrisAutomation/virco-automatedtests/target/site/serenity/b01cc1962289678b5789a4d5eecbac1e00c2e91e9f2438780a5c5a265060da61.json8ce08bb2-0650-4fdf-bf2c-8655bc177715)
[pool-1-thread-4] INFO net.thucydides.core.reports.json.JSONTestOutcomeReporter - Generating JSON report for VIR-121.01 Verify that the Main menu has the following categories to file /Users/rodionsavchuk/hybrisAutomation/virco-automatedtests/target/site/serenity/99c60df1586fa74b4fc00bacc6a1b813947bfb82e95e9b5ad3fba63b75998054.json (using temp file /Users/rodionsavchuk/hybrisAutomation/virco-automatedtests/target/site/serenity/99c60df1586fa74b4fc00bacc6a1b813947bfb82e95e9b5ad3fba63b75998054.json4b243908-15a8-4950-8a84-2931cf55c273)
[pool-1-thread-4] INFO net.thucydides.core.reports.json.JSONTestOutcomeReporter - Generating JSON report for VIR-252.01 Verify that the service level is shown to the shopper to file /Users/rodionsavchuk/hybrisAutomation/virco-automatedtests/target/site/serenity/73c5b7510f579da25aa2a7cb3c7a1122a914358d93fc60e5cd9991b410cfd5d9.json (using temp file /Users/rodionsavchuk/hybrisAutomation/virco-automatedtests/target/site/serenity/73c5b7510f579da25aa2a7cb3c7a1122a914358d93fc60e5cd9991b410cfd5d9.json0820b88f-452c-4821-9307-7929de79c9f9)
[pool-1-thread-2] INFO net.thucydides.core.reports.json.JSONTestOutcomeReporter - Generating JSON report for VIR-121.02 Verify that appropriate category page is opened to file /Users/rodionsavchuk/hybrisAutomation/virco-automatedtests/target/site/serenity/c6c7abb9e48ba39057ef710b20bb292a3dcfc86b879e55d4e95e27325c614662.json (using temp file /Users/rodionsavchuk/hybrisAutomation/virco-automatedtests/target/site/serenity/c6c7abb9e48ba39057ef710b20bb292a3dcfc86b879e55d4e95e27325c614662.json1065cbfa-44c8-43b2-aa4d-b6355d47a839)
[pool-1-thread-1] INFO net.thucydides.core.reports.json.JSONTestOutcomeReporter - Generating JSON report for VIR-252.02 Verify that the shopper can change the service level to file /Users/rodionsavchuk/hybrisAutomation/virco-automatedtests/target/site/serenity/6b59819245257b287e055cddd0d78827c915f657d965c36f3f363d0ebdcb6886.json (using temp file /Users/rodionsavchuk/hybrisAutomation/virco-automatedtests/target/site/serenity/6b59819245257b287e055cddd0d78827c915f657d965c36f3f363d0ebdcb6886.jsonf2cac15b-c04d-48da-a607-72c4f5a6ef59)
[pool-1-thread-3] INFO net.thucydides.core.reports.json.JSONTestOutcomeReporter - Generating JSON report for VIR-252.03 Verify that proper pricing is reflected from the service level change. to file /Users/rodionsavchuk/hybrisAutomation/virco-automatedtests/target/site/serenity/23db6288b98d745eed28abd97969000d617af87ef2179138b48f321cc32d5a19.json (using temp file /Users/rodionsavchuk/hybrisAutomation/virco-automatedtests/target/site/serenity/23db6288b98d745eed28abd97969000d617af87ef2179138b48f321cc32d5a19.jsonbdb20493-8150-4c0c-82bc-59aba033851b)
[pool-1-thread-4] INFO net.thucydides.core.reports.json.JSONTestOutcomeReporter - Generating JSON report for VIR-302.01 Verify Shop with confidence at Virco Mfg. Corporation title to file /Users/rodionsavchuk/hybrisAutomation/virco-automatedtests/target/site/serenity/5d08af34c7e13f6b404e2f1ad0bc67e8314c9f486f4f7de3b9ad396582b52399.json (using temp file /Users/rodionsavchuk/hybrisAutomation/virco-automatedtests/target/site/serenity/5d08af34c7e13f6b404e2f1ad0bc67e8314c9f486f4f7de3b9ad396582b52399.jsona659de61-af1f-48e9-9cc0-8eb3eff40136)
[pool-1-thread-3] INFO net.thucydides.core.reports.json.JSONTestOutcomeReporter - Generating JSON report for VIR-302.02 Verify We accept the following payment types title to file /Users/rodionsavchuk/hybrisAutomation/virco-automatedtests/target/site/serenity/19b885ba1e62153eabb1a32dffe6758a4eb6ddeac6d6228724cefb42a945b772.json (using temp file /Users/rodionsavchuk/hybrisAutomation/virco-automatedtests/target/site/serenity/19b885ba1e62153eabb1a32dffe6758a4eb6ddeac6d6228724cefb42a945b772.json56564686-9b3a-40b7-a11c-052d72a97b19)
[pool-1-thread-1] INFO net.thucydides.core.reports.json.JSONTestOutcomeReporter - Generating JSON report for VIR-302.03 Verify NEED HELP? 1 800 448 4726 title to file /Users/rodionsavchuk/hybrisAutomation/virco-automatedtests/target/site/serenity/b70f7929b129b9a4f921868da7ba2934f76e88361314d32d4baf6aef91dc3280.json (using temp file /Users/rodionsavchuk/hybrisAutomation/virco-automatedtests/target/site/serenity/b70f7929b129b9a4f921868da7ba2934f76e88361314d32d4baf6aef91dc3280.json9f35c9b0-7301-4500-9064-3b530084a886)
[pool-1-thread-4] INFO net.thucydides.core.reports.json.JSONTestOutcomeReporter - Generating JSON report for VIR-302.04 Verify Follow Us title to file /Users/rodionsavchuk/hybrisAutomation/virco-automatedtests/target/site/serenity/ac0a5c2d2d174a4a5a58d0a59ac8a1382b75106b6b88028196425e290e28772d.json (using temp file /Users/rodionsavchuk/hybrisAutomation/virco-automatedtests/target/site/serenity/ac0a5c2d2d174a4a5a58d0a59ac8a1382b75106b6b88028196425e290e28772d.jsona945cdd9-48ed-478e-a246-8626d2126e13)
[pool-1-thread-4] INFO net.thucydides.core.reports.html.HtmlAcceptanceTestReporter - GENERATING HTML REPORT FOR GE-11 - Privacy Terms Link:VIR-254.01 Verify that the page with terms and conditions is opened after clicking on the privacy terms link at the footer in d2261d35da779c2c27506e5c857d0825c3c76c5f9a92f5f9bc091c80c074d825.html in directory target/site/serenity  
[pool-1-thread-3] INFO net.thucydides.core.reports.html.HtmlAcceptanceTestReporter - GENERATING HTML REPORT FOR GE-10 - Order Tracking Page Link:VIR-253.01 Verify that the order tracking link is shown to the shopper near My Account in fd4cf254160bd12cc4c3f6ef9a4eb5b8eb245617933ff20cf414bce350ff5464.html in directory target/site/serenity  
[pool-1-thread-2] INFO net.thucydides.core.reports.html.HtmlAcceptanceTestReporter - GENERATING HTML REPORT FOR GE-10 - Order Tracking Page Link:VIR-253.02 Verify that the tracking information is shown on the new page by clicking on the link in 5b7b36cdf5fcf9acda47d105a640d131ad7d974ef06c85589e5b8cf67dbe1b3c.html in directory target/site/serenity  
[pool-1-thread-1] INFO net.thucydides.core.reports.html.HtmlAcceptanceTestReporter - GENERATING HTML REPORT FOR GE-12 - Copyright:VIR-255.01 Verify that the virco copyright text "c 2017 Vicro. All Right Reserved" is shown at the footer right bottom in 4e476bf286a18d4cef2e0473cce9ae9549357e2c298c893c3eec6cb2ea7c44aa.html in directory target/site/serenity  
[pool-1-thread-3] INFO net.thucydides.core.reports.html.HtmlAcceptanceTestReporter - GENERATING HTML REPORT FOR GE-13 - Global Search/Contract:VIR-256.02 Verify that the contract is shown next after search bar on the header in 77d5a2f2c2bd55f0cf60167f30633477b4c9f4c14378de66ef710c26dd019946.html in directory target/site/serenity  
[pool-1-thread-2] INFO net.thucydides.core.reports.html.HtmlAcceptanceTestReporter - GENERATING HTML REPORT FOR GE-13 - Global Search/Contract:VIR-256.01 Verify that the Search Bar is shown to the shopper from the right header in 1779c260e6c545b433ae4a09e41667a240e0541b38dc34da5d8cf7080c438915.html in directory target/site/serenity  
[pool-1-thread-4] INFO net.thucydides.core.reports.html.HtmlAcceptanceTestReporter - GENERATING HTML REPORT FOR GE-13 - Global Search/Contract:VIR-256.03 Verify that the Search Bar/contract are shown on navigating through the site in a89e33ad4f9d29f2b9139c80f8fdf5e1323b59c44d8c4721706a10958bad5de9.html in directory target/site/serenity  
[pool-1-thread-3] INFO net.thucydides.core.reports.html.HtmlAcceptanceTestReporter - GENERATING HTML REPORT FOR GE-1 - Breadcrumbs:VIR-115.01 Verify that the breadcrumb path shows the navigation from the root to the child nodes in cf5129d1c9ef989c47c1fb7e1586d44a6296e6c05faca239c90a4e8690262a52.html in directory target/site/serenity  
[pool-1-thread-4] INFO net.thucydides.core.reports.html.HtmlAcceptanceTestReporter - GENERATING HTML REPORT FOR GE-1 - Breadcrumbs:VIR-115.02 Verify that the shopper is moved to the appropriate page after clicking on the breadcrumb node in 1aba57f37ae93dee3bd8f3f464d0cb4c75cad1523221a6874cb2bddb9d174a4e.html in directory target/site/serenity  
[pool-1-thread-1] INFO net.thucydides.core.reports.html.HtmlAcceptanceTestReporter - GENERATING HTML REPORT FOR GE-1 - Breadcrumbs:VIR-115.05 Verify that the opened page's name in breadcrumb is shown as a text in 1492ab762e9e7663dcc5ca3c3f4395e69aea14dd259a5ad62a083ba7bcae52c1.html in directory target/site/serenity  
[pool-1-thread-2] INFO net.thucydides.core.reports.html.HtmlAcceptanceTestReporter - GENERATING HTML REPORT FOR GE-1 - Breadcrumbs:VIR-115.03 Verify that the breadcrumb conventions are determined by site taxonomy in 7a7b8ec9b3fc408b409878bbace0610880338452e74cf503035bafb9d25235f5.html in directory target/site/serenity  
[pool-1-thread-3] INFO net.thucydides.core.reports.html.HtmlAcceptanceTestReporter - GENERATING HTML REPORT FOR GE-1 - Breadcrumbs:VIR-115.04 Verify that the breadcrumb is shown below main menu in 4feaf55320ae6bbedded3b452650ee607501ff888f1c1e9e0716f1b67eaf4fa0.html in directory target/site/serenity  
[pool-1-thread-4] INFO net.thucydides.core.reports.html.HtmlAcceptanceTestReporter - GENERATING HTML REPORT FOR GE-1 - Breadcrumbs:VIR-115.06 Verify that the breadcrumb nodes are separated by "/" in 3d4eb7c4641168b449746239244ec8e3ec141f509f26bbe71f6194b3e2eda6d0.html in directory target/site/serenity  
[pool-1-thread-1] INFO net.thucydides.core.reports.html.HtmlAcceptanceTestReporter - GENERATING HTML REPORT FOR GE-2 - Badges:VIR-116.01 Verify that the badges (logo) is shown for the customer at the header in 1ef3414060f1be96b233de8b5a00b023933f78bd4d4b4ee332f3d88f6eb8a4ed.html in directory target/site/serenity  
[pool-1-thread-2] INFO net.thucydides.core.reports.html.HtmlAcceptanceTestReporter - GENERATING HTML REPORT FOR GE-2 - Badges:VIR-116.02 Verify that the clicking on badges the system opens the Home page in 19507f543883d18a2d86559d91cb1aca74820092eb0298d89198a3fd4c6c9851.html in directory target/site/serenity  
[pool-1-thread-3] INFO net.thucydides.core.reports.html.HtmlAcceptanceTestReporter - GENERATING HTML REPORT FOR GE-3 - Social Links:VIR-117.01 Verify that the social links of the companies social media channels are shown in the footer in fcb6a528b9d34d46b326be548cff4a2893f09a4afdcb901124067cd4059a4e8d.html in directory target/site/serenity  
[pool-1-thread-4] INFO net.thucydides.core.reports.html.HtmlAcceptanceTestReporter - GENERATING HTML REPORT FOR GE-3 - Social Links:VIR-117.02 Verify that the shopper is moved to the appropriate Virco's social media channels after clicking on the social link in 3668b47d321fd4b240c9218a86827df70fdd0ab710553683edff5c6d3fb55eec.html in directory target/site/serenity  
[pool-1-thread-3] INFO net.thucydides.core.reports.html.HtmlAcceptanceTestReporter - GENERATING HTML REPORT FOR GE-4 - Versign:VIR-118.01 Verify that the Verisign credentials are shown in the footer of the site in 58ef78d103238a7cda447a5349991cea31dd7ee563fc7cf918ed3befc5ba1ca8.html in directory target/site/serenity  
[pool-1-thread-4] INFO net.thucydides.core.reports.html.HtmlAcceptanceTestReporter - GENERATING HTML REPORT FOR GE-5 - Better Business Bureau:VIR-119.01 Verify that the BBB rating is shown in the footer in 33c14e5ba09621357dc624dd2cb340e26e990a0ba883335d598d4259ef63d655.html in directory target/site/serenity  
[pool-1-thread-3] INFO net.thucydides.core.reports.html.HtmlAcceptanceTestReporter - GENERATING HTML REPORT FOR GE-6 - Payment Badges:VIR-120.01 Verify that the following accepted payment types are shown to the customer in the footer of the site in b01cc1962289678b5789a4d5eecbac1e00c2e91e9f2438780a5c5a265060da61.html in directory target/site/serenity  
[...]
	at org.junit.runners.ParentRunner$1.schedule(ParentRunner.java:71)
	at org.junit.runners.ParentRunner.runChildren(ParentRunner.java:288)
	at org.junit.runners.ParentRunner.access$000(ParentRunner.java:58)
	at org.junit.runners.ParentRunner$2.evaluate(ParentRunner.java:268)
	at org.junit.runners.ParentRunner.run(ParentRunner.java:363)
	at cucumber.api.junit.Cucumber.run(Cucumber.java:100)
	at org.apache.maven.surefire.junit4.JUnit4Provider.execute(JUnit4Provider.java:283)
	at org.apache.maven.surefire.junit4.JUnit4Provider.executeWithRerun(JUnit4Provider.java:173)
	at org.apache.maven.surefire.junit4.JUnit4Provider.executeTestSet(JUnit4Provider.java:153)
	at org.apache.maven.surefire.junit4.JUnit4Provider.invoke(JUnit4Provider.java:128)
	at org.apache.maven.surefire.booter.ForkedBooter.invokeProviderInSameClassLoader(ForkedBooter.java:203)
	at org.apache.maven.surefire.booter.ForkedBooter.runSuitesInProcess(ForkedBooter.java:155)
	at org.apache.maven.surefire.booter.ForkedBooter.main(ForkedBooter.java:103)
]]></error>
  </testcase>
  <testcase name="When click on &quot;Forgot Your Password?&quot; button" classname="| q |" time="0">
    <skipped/>
    <system-err><![CDATA[[main] INFO net.serenitybdd.core.Serenity - STEP ERROR: java.lang.NoClassDefFoundError: Could not initialize class com.virco.locators.SiteData
[main] INFO net.serenitybdd.core.Serenity - STARTING STEP When click on "Forgot Your Password?" button
]]></system-err>
  </testcase>
  <testcase name="When enter &quot;test.virco@gmail.com&quot; in the &quot;Email Address&quot; field in modal" classname="| q |" time="0">
    <skipped/>
    <system-err><![CDATA[[main] INFO net.serenitybdd.core.Serenity - IGNORING STEP
[main] INFO net.serenitybdd.core.Serenity - STARTING STEP When enter "test.virco@gmail.com" in the "Email Address" field in modal
]]></system-err>
  </testcase>
  <testcase name="When click on &quot;Reset Password&quot; modal button" classname="| q |" time="0">
    <skipped/>
    <system-err><![CDATA[[main] INFO net.serenitybdd.core.Serenity - IGNORING STEP
[main] INFO net.serenitybdd.core.Serenity - STARTING STEP When click on "Reset Password" modal button
]]></system-err>
  </testcase>
  <testcase name="When open the reset link in email" classname="| q |" time="0">
    <skipped/>
    <system-err><![CDATA[[main] INFO net.serenitybdd.core.Serenity - IGNORING STEP
[main] INFO net.serenitybdd.core.Serenity - STARTING STEP When open the reset link in email
]]></system-err>
  </testcase>
  <testcase name="When enter &quot;q&quot; in the &quot;New Password&quot; field" classname="| q |" time="0">
    <skipped/>
    <system-err><![CDATA[[main] INFO net.serenitybdd.core.Serenity - IGNORING STEP
[main] INFO net.serenitybdd.core.Serenity - STARTING STEP When enter "q" in the "New Password" field
]]></system-err>
  </testcase>
  <testcase name="When enter &quot;q&quot; in the &quot;Confirm Password&quot; field" classname="| q |" time="0">
    <skipped/>
    <system-err><![CDATA[[main] INFO net.serenitybdd.core.Serenity - IGNORING STEP
[main] INFO net.serenitybdd.core.Serenity - STARTING STEP When enter "q" in the "Confirm Password" field
]]></system-err>
  </testcase>
  <testcase name="When click on &quot;Update&quot; modal button" classname="| q |" time="0">
    <skipped/>
    <system-err><![CDATA[[main] INFO net.serenitybdd.core.Serenity - IGNORING STEP
[main] INFO net.serenitybdd.core.Serenity - STARTING STEP When click on "Update" modal button
]]></system-err>
  </testcase>
  <testcase name="Then alert with text &quot;Please correct the errors below.&quot; is shown" classname="| q |" time="0">
    <skipped/>
    <system-err><![CDATA[[main] INFO net.serenitybdd.core.Serenity - IGNORING STEP
[main] INFO net.serenitybdd.core.Serenity - STARTING STEP Then alert with text "Please correct the errors below." is shown
]]></system-err>
  </testcase>
  <testcase name="Then validation message &quot;Password should have at least one capital, at least one lowercase and at least one special character&quot; is shown for &quot;New Password&quot; field" classname="| q |" time="0">
    <skipped/>
    <system-err><![CDATA[[main] INFO net.serenitybdd.core.Serenity - IGNORING STEP
[main] INFO net.serenitybdd.core.Serenity - STARTING STEP Then validation message "Password should have at least one capital, at least one lowercase and at least one special character" is shown for "New Password" field
]]></system-err>
  </testcase>
  <testcase name="Given open the site" classname="| qWer%qw |" time="0.001">
    <error message="Could not initialize class com.virco.locators.SiteData" type="net.serenitybdd.core.exceptions.SerenityManagedException"><![CDATA[net.serenitybdd.core.exceptions.SerenityManagedException: Could not initialize class com.virco.locators.SiteData
	at com.virco.steps.serenity.CommonUserSteps.openTheSite(CommonUserSteps.java:19)
	at com.virco.steps.serenity.CommonUserSteps$$EnhancerByCGLIB$$d8541bfa.CGLIB$openTheSite$6(<generated>)
	at com.virco.steps.serenity.CommonUserSteps$$EnhancerByCGLIB$$d8541bfa$$FastClassByCGLIB$$ea8e0f86.invoke(<generated>)
	at net.sf.cglib.proxy.MethodProxy.invokeSuper(MethodProxy.java:228)
	at net.thucydides.core.steps.StepInterceptor.invokeMethod(StepInterceptor.java:372)
	at net.thucydides.core.steps.StepInterceptor.executeTestStepMethod(StepInterceptor.java:357)
	at net.thucydides.core.steps.StepInterceptor.runTestStep(StepInterceptor.java:332)
	at net.thucydides.core.steps.StepInterceptor.testStepResult(StepInterceptor.java:134)
	at net.thucydides.core.steps.StepInterceptor.intercept(StepInterceptor.java:61)
	at com.virco.steps.serenity.CommonUserSteps$$EnhancerByCGLIB$$d8541bfa.openTheSite(<generated>)
	at com.virco.steps.CommonDefinitionSteps.openTheSite(CommonDefinitionSteps.java:17)
	at sun.reflect.NativeMethodAccessorImpl.invoke0(Native Method)
	at sun.reflect.NativeMethodAccessorImpl.invoke(NativeMethodAccessorImpl.java:62)
	at sun.reflect.DelegatingMethodAccessorImpl.invoke(DelegatingMethodAccessorImpl.java:43)
	at java.lang.reflect.Method.invoke(Method.java:498)
	at cucumber.runtime.Utils$1.call(Utils.java:40)
	at cucumber.runtime.Timeout.timeout(Timeout.java:16)
	at cucumber.runtime.Utils.invoke(Utils.java:34)
	at cucumber.runtime.java.JavaStepDefinition.execute(JavaStepDefinition.java:38)
	at cucumber.runtime.StepDefinitionMatch.runStep(StepDefinitionMatch.java:37)
	at cucumber.runtime.Runtime.runStep(Runtime.java:300)
	at cucumber.runtime.model.StepContainer.runStep(StepContainer.java:44)
	at cucumber.runtime.model.StepContainer.runSteps(StepContainer.java:39)
	at cucumber.runtime.model.CucumberScenario.run(CucumberScenario.java:44)
	at cucumber.runtime.junit.ExecutionUnitRunner.run(ExecutionUnitRunner.java:102)
	at org.junit.runners.Suite.runChild(Suite.java:128)
	at org.junit.runners.Suite.runChild(Suite.java:27)
	at org.junit.runners.ParentRunner$3.run(ParentRunner.java:290)
	at org.junit.runners.ParentRunner$1.schedule(ParentRunner.java:71)
	at org.junit.runners.ParentRunner.runChildren(ParentRunner.java:288)
	at org.junit.runners.ParentRunner.access$000(ParentRunner.java:58)
	at org.junit.runners.ParentRunner$2.evaluate(ParentRunner.java:268)
	at org.junit.runners.ParentRunner.run(ParentRunner.java:363)
	at cucumber.runtime.junit.ExamplesRunner.run(ExamplesRunner.java:59)
	at org.junit.runners.Suite.runChild(Suite.java:128)
	at org.junit.runners.Suite.runChild(Suite.java:27)
	at org.junit.runners.ParentRunner$3.run(ParentRunner.java:290)
	at org.junit.runners.ParentRunner$1.schedule(ParentRunner.java:71)
	at org.junit.runners.ParentRunner.runChildren(ParentRunner.java:288)
	at org.junit.runners.ParentRunner.access$000(ParentRunner.java:58)
	at org.junit.runners.ParentRunner$2.evaluate(ParentRunner.java:268)
	at org.junit.runners.ParentRunner.run(ParentRunner.java:363)
	at cucumber.runtime.junit.ScenarioOutlineRunner.run(ScenarioOutlineRunner.java:53)
	at cucumber.runtime.junit.FeatureRunner.runChild(FeatureRunner.java:63)
	at cucumber.runtime.junit.FeatureRunner.runChild(FeatureRunner.java:18)
	at org.junit.runners.ParentRunner$3.run(ParentRunner.java:290)
	at org.junit.runners.ParentRunner$1.schedule(ParentRunner.java:71)
	at org.junit.runners.ParentRunner.runChildren(ParentRunner.java:288)
	at org.junit.runners.ParentRunner.access$000(ParentRunner.java:58)
	at org.junit.runners.ParentRunner$2.evaluate(ParentRunner.java:268)
	at org.junit.runners.ParentRunner.run(ParentRunner.java:363)
	at cucumber.runtime.junit.FeatureRunner.run(FeatureRunner.java:70)
	at cucumber.api.junit.Cucumber.runChild(Cucumber.java:95)
	at cucumber.api.junit.Cucumber.runChild(Cucumber.java:38)
	at org.junit.runners.ParentRunner$3.run(ParentRunner.java:290)
	at org.junit.runners.ParentRunner$1.schedule(ParentRunner.java:71)
	at org.junit.runners.ParentRunner.runChildren(ParentRunner.java:288)
	at org.junit.runners.ParentRunner.access$000(ParentRunner.java:58)
	at org.junit.runners.ParentRunner$2.evaluate(ParentRunner.java:268)
	at org.junit.runners.ParentRunner.run(ParentRunner.java:363)
	at cucumber.api.junit.Cucumber.run(Cucumber.java:100)
	at org.apache.maven.surefire.junit4.JUnit4Provider.execute(JUnit4Provider.java:283)
	at org.apache.maven.surefire.junit4.JUnit4Provider.executeWithRerun(JUnit4Provider.java:173)
	at org.apache.maven.surefire.junit4.JUnit4Provider.executeTestSet(JUnit4Provider.java:153)
	at org.apache.maven.surefire.junit4.JUnit4Provider.invoke(JUnit4Provider.java:128)
	at org.apache.maven.surefire.booter.ForkedBooter.invokeProviderInSameClassLoader(ForkedBooter.java:203)
	at org.apache.maven.surefire.booter.ForkedBooter.runSuitesInProcess(ForkedBooter.java:155)
	at org.apache.maven.surefire.booter.ForkedBooter.main(ForkedBooter.java:103)
]]></error>
    <system-err><![CDATA[[main] INFO net.serenitybdd.core.Serenity - IGNORING STEP
[main] INFO net.serenitybdd.core.Serenity - FINISHING STEP
[main] ERROR net.serenitybdd.core.Serenity - 
           __  _____ _____ ____ _____   _____ _    ___ _     _____ ____  
  _       / / |_   _| ____/ ___|_   _| |  ___/ \  |_ _| |   | ____|  _ \ 
 (_)_____| |    | | |  _| \___ \ | |   | |_ / _ \  | || |   |  _| | | | |
  _|_____| |    | | | |___ ___) || |   |  _/ ___ \ | || |___| |___| |_| |
 (_)     | |    |_| |_____|____/ |_|   |_|/_/   \_\___|_____|_____|____/ 
          \_\                                                            

TEST FAILED WITH ERROR: VIR-507.07 Verify the password creation validation rules
---------------------------------------------------------------------
[main] ERROR net.serenitybdd.core.Serenity - TEST FAILED AT STEP Open the site
[main] ERROR net.serenitybdd.core.Serenity - Could not initialize class com.virco.locators.SiteData
[main] INFO net.serenitybdd.core.Serenity - STARTING STEP VIR-507.07 Verify the password creation validation rules #5: {password=qWer%qw}
[main] INFO net.serenitybdd.core.Serenity - STARTING STEP Given open the site
[main] INFO net.serenitybdd.core.Serenity - STARTING STEP Open the site
[main] INFO net.serenitybdd.core.Serenity - STEP ERROR: net.serenitybdd.core.exceptions.SerenityManagedException: Could not initialize class com.virco.locators.SiteData
]]></system-err>
  </testcase>
  <testcase name="| qWer%qw |" classname="| qWer%qw |" time="0.001">
    <error message="Could not initialize class com.virco.locators.SiteData" type="net.serenitybdd.core.exceptions.SerenityManagedException"><![CDATA[net.serenitybdd.core.exceptions.SerenityManagedException: Could not initialize class com.virco.locators.SiteData
	at com.virco.steps.serenity.CommonUserSteps.openTheSite(CommonUserSteps.java:19)
	at com.virco.steps.serenity.CommonUserSteps$$EnhancerByCGLIB$$d8541bfa.CGLIB$openTheSite$6(<generated>)
	at com.virco.steps.serenity.CommonUserSteps$$EnhancerByCGLIB$$d8541bfa$$FastClassByCGLIB$$ea8e0f86.invoke(<generated>)
	at net.sf.cglib.proxy.MethodProxy.invokeSuper(MethodProxy.java:228)
	at net.thucydides.core.steps.StepInterceptor.invokeMethod(StepInterceptor.java:372)
	at net.thucydides.core.steps.StepInterceptor.executeTestStepMethod(StepInterceptor.java:357)
	at net.thucydides.core.steps.StepInterceptor.runTestStep(StepInterceptor.java:332)
	at net.thucydides.core.steps.StepInterceptor.testStepResult(StepInterceptor.java:134)
	at net.thucydides.core.steps.StepInterceptor.intercept(StepInterceptor.java:61)
	at com.virco.steps.serenity.CommonUserSteps$$EnhancerByCGLIB$$d8541bfa.openTheSite(<generated>)
	at com.virco.steps.CommonDefinitionSteps.openTheSite(CommonDefinitionSteps.java:17)
	at sun.reflect.NativeMethodAccessorImpl.invoke0(Native Method)
	at sun.reflect.NativeMethodAccessorImpl.invoke(NativeMethodAccessorImpl.java:62)
	at sun.reflect.DelegatingMethodAccessorImpl.invoke(DelegatingMethodAccessorImpl.java:43)
	at java.lang.reflect.Method.invoke(Method.java:498)
	at cucumber.runtime.Utils$1.call(Utils.java:40)
	at cucumber.runtime.Timeout.timeout(Timeout.java:16)
	at cucumber.runtime.Utils.invoke(Utils.java:34)
	at cucumber.runtime.java.JavaStepDefinition.execute(JavaStepDefinition.java:38)
	at cucumber.runtime.StepDefinitionMatch.runStep(StepDefinitionMatch.java:37)
	at cucumber.runtime.Runtime.runStep(Runtime.java:300)
	at cucumber.runtime.model.StepContainer.runStep(StepContainer.java:44)
	at cucumber.runtime.model.StepContainer.runSteps(StepContainer.java:39)
	at cucumber.runtime.model.CucumberScenario.run(CucumberScenario.java:44)
	at cucumber.runtime.junit.ExecutionUnitRunner.run(ExecutionUnitRunner.java:102)
	at org.junit.runners.Suite.runChild(Suite.java:128)
	at org.junit.runners.Suite.runChild(Suite.java:27)
	at org.junit.runners.ParentRunner$3.run(ParentRunner.java:290)
	at org.junit.runners.ParentRunner$1.schedule(ParentRunner.java:71)
	at org.junit.runners.ParentRunner.runChildren(ParentRunner.java:288)
	at org.junit.runners.ParentRunner.access$000(ParentRunner.java:58)
	at org.junit.runners.ParentRunner$2.evaluate(ParentRunner.java:268)
	at org.junit.runners.ParentRunner.run(ParentRunner.java:363)
	at cucumber.runtime.junit.ExamplesRunner.run(ExamplesRunner.java:59)
	at org.junit.runners.Suite.runChild(Suite.java:128)
	at org.junit.runners.Suite.runChild(Suite.java:27)
	at org.junit.runners.ParentRunner$3.run(ParentRunner.java:290)
	at org.junit.runners.ParentRunner$1.schedule(ParentRunner.java:71)
	at org.junit.runners.ParentRunner.runChildren(ParentRunner.java:288)
	at org.junit.runners.ParentRunner.access$000(ParentRunner.java:58)
	at org.junit.runners.ParentRunner$2.evaluate(ParentRunner.java:268)
	at org.junit.runners.ParentRunner.run(ParentRunner.java:363)
	at cucumber.runtime.junit.ScenarioOutlineRunner.run(ScenarioOutlineRunner.java:53)
	at cucumber.runtime.junit.FeatureRunner.runChild(FeatureRunner.java:63)
	at cucumber.runtime.junit.FeatureRunner.runChild(FeatureRunner.java:18)
	at org.junit.runners.ParentRunner$3.run(ParentRunner.java:290)
	at org.junit.runners.ParentRunner$1.schedule(ParentRunner.java:71)
	at org.junit.runners.ParentRunner.runChildren(ParentRunner.java:288)
	at org.junit.runners.ParentRunner.access$000(ParentRunner.java:58)
	at org.junit.runners.ParentRunner$2.evaluate(ParentRunner.java:268)
	at org.junit.runners.ParentRunner.run(ParentRunner.java:363)
	at cucumber.runtime.junit.FeatureRunner.run(FeatureRunner.java:70)
	at cucumber.api.junit.Cucumber.runChild(Cucumber.java:95)
	at cucumber.api.junit.Cucumber.runChild(Cucumber.java:38)
	at org.junit.runners.ParentRunner$3.run(ParentRunner.java:290)
	at org.junit.runners.ParentRunner$1.schedule(ParentRunner.java:71)
	at org.junit.runners.ParentRunner.runChildren(ParentRunner.java:288)
	at org.junit.runners.ParentRunner.access$000(ParentRunner.java:58)
	at org.junit.runners.ParentRunner$2.evaluate(ParentRunner.java:268)
	at org.junit.runners.ParentRunner.run(ParentRunner.java:363)
	at cucumber.api.junit.Cucumber.run(Cucumber.java:100)
	at org.apache.maven.surefire.junit4.JUnit4Provider.execute(JUnit4Provider.java:283)
	at org.apache.maven.surefire.junit4.JUnit4Provider.executeWithRerun(JUnit4Provider.java:173)
	at org.apache.maven.surefire.junit4.JUnit4Provider.executeTestSet(JUnit4Provider.java:153)
	at org.apache.maven.surefire.junit4.JUnit4Provider.invoke(JUnit4Provider.java:128)
	at org.apache.maven.surefire.booter.ForkedBooter.invokeProviderInSameClassLoader(ForkedBooter.java:203)
	at org.apache.maven.surefire.booter.ForkedBooter.runSuitesInProcess(ForkedBooter.java:155)
	at org.apache.maven.surefire.booter.ForkedBooter.main(ForkedBooter.java:103)
]]></error>
  </testcase>
  <testcase name="When click on &quot;Forgot Your Password?&quot; button" classname="| qWer%qw |" time="0">
    <skipped/>
    <system-err><![CDATA[[main] INFO net.serenitybdd.core.Serenity - STEP ERROR: java.lang.NoClassDefFoundError: Could not initialize class com.virco.locators.SiteData
[main] INFO net.serenitybdd.core.Serenity - STARTING STEP When click on "Forgot Your Password?" button
]]></system-err>
  </testcase>
  <testcase name="When enter &quot;test.virco@gmail.com&quot; in the &quot;Email Address&quot; field in modal" classname="| qWer%qw |" time="0">
    <skipped/>
    <system-err><![CDATA[[main] INFO net.serenitybdd.core.Serenity - IGNORING STEP
[main] INFO net.serenitybdd.core.Serenity - STARTING STEP When enter "test.virco@gmail.com" in the "Email Address" field in modal
]]></system-err>
  </testcase>
  <testcase name="When click on &quot;Reset Password&quot; modal button" classname="| qWer%qw |" time="0">
    <skipped/>
    <system-err><![CDATA[[main] INFO net.serenitybdd.core.Serenity - IGNORING STEP
[main] INFO net.serenitybdd.core.Serenity - STARTING STEP When click on "Reset Password" modal button
]]></system-err>
  </testcase>
  <testcase name="When open the reset link in email" classname="| qWer%qw |" time="0">
    <skipped/>
    <system-err><![CDATA[[main] INFO net.serenitybdd.core.Serenity - IGNORING STEP
[main] INFO net.serenitybdd.core.Serenity - STARTING STEP When open the reset link in email
]]></system-err>
  </testcase>
  <testcase name="When enter &quot;qWer%qw&quot; in the &quot;New Password&quot; field" classname="| qWer%qw |" time="0">
    <skipped/>
    <system-err><![CDATA[[main] INFO net.serenitybdd.core.Serenity - IGNORING STEP
[main] INFO net.serenitybdd.core.Serenity - STARTING STEP When enter "qWer%qw" in the "New Password" field
]]></system-err>
  </testcase>
  <testcase name="When enter &quot;qWer%qw&quot; in the &quot;Confirm Password&quot; field" classname="| qWer%qw |" time="0">
    <skipped/>
    <system-err><![CDATA[[main] INFO net.serenitybdd.core.Serenity - IGNORING STEP
[main] INFO net.serenitybdd.core.Serenity - STARTING STEP When enter "qWer%qw" in the "Confirm Password" field
]]></system-err>
  </testcase>
  <testcase name="When click on &quot;Update&quot; modal button" classname="| qWer%qw |" time="0">
    <skipped/>
    <system-err><![CDATA[[main] INFO net.serenitybdd.core.Serenity - IGNORING STEP
[main] INFO net.serenitybdd.core.Serenity - STARTING STEP When click on "Update" modal button
]]></system-err>
  </testcase>
  <testcase name="Then alert with text &quot;Please correct the errors below.&quot; is shown" classname="| qWer%qw |" time="0">
    <skipped/>
    <system-err><![CDATA[[main] INFO net.serenitybdd.core.Serenity - IGNORING STEP
[main] INFO net.serenitybdd.core.Serenity - STARTING STEP Then alert with text "Please correct the errors below." is shown
]]></system-err>
  </testcase>
  <testcase name="Then validation message &quot;Password should have at least one capital, at least one lowercase and at least one special character&quot; is shown for &quot;New Password&quot; field" classname="| qWer%qw |" time="0">
    <skipped/>
    <system-err><![CDATA[[main] INFO net.serenitybdd.core.Serenity - IGNORING STEP
[main] INFO net.serenitybdd.core.Serenity - STARTING STEP Then validation message "Password should have at least one capital, at least one lowercase and at least one special character" is shown for "New Password" field
]]></system-err>
  </testcase>
</testsuite>