<?xml version="1.0" encoding="UTF-8"?><testsuite errors="0" failures="0" name="PDP-11 - Descriptive Path Selection" skipped="4" tests="4" time="0.0" timestamp="2017-08-223 02:08:21"><testcase name="VIR-142.01 Verify that the selection path is shown to the customer"><skipped/></testcase><testcase name="VIR-142.02 Verify that the customer can move through the selection path"><skipped/></testcase><testcase name="VIR-142.03 Verify that the customer can return from the end of the path to the previous/beginning"><skipped/></testcase><testcase name="VIR-142.04 Verify that the selected data are not cleared when customer returns"><skipped/></testcase></testsuite>