<?xml version="1.0" encoding="UTF-8"?><testsuite errors="4" failures="0" name="CART-3 - Product Links" skipped="0" tests="4" time="0.23" timestamp="2017-08-223 02:08:28"><testcase name="VIR-320.01 Verify that the link to the added product to the cart is shown to the shopper on the cart page"><error message="Could not initialize class com.virco.locators.SiteData" type="java.lang.NoClassDefFoundError">Could not initialize class com.virco.locators.SiteData</error><system-err>Could not initialize class com.virco.locators.SiteData
com.virco.steps.serenity.CommonUserSteps.openManagementPage(CommonUserSteps.java:35)
com.virco.steps.CommonDefinitionSteps.openPage(CommonDefinitionSteps.java:22)
</system-err></testcase><testcase name="VIR-320.02 Verify that clicking on the link the shopper is moved to the product page"><error message="Could not initialize class com.virco.locators.SiteData" type="java.lang.NoClassDefFoundError">Could not initialize class com.virco.locators.SiteData</error><system-err>Could not initialize class com.virco.locators.SiteData
com.virco.steps.serenity.CommonUserSteps.openManagementPage(CommonUserSteps.java:35)
com.virco.steps.CommonDefinitionSteps.openPage(CommonDefinitionSteps.java:22)
</system-err></testcase><testcase name="VIR-320.03 Verify that the shopper can continue the shopping by clicking on Continue Shopping page"><error message="Could not initialize class com.virco.locators.SiteData" type="java.lang.NoClassDefFoundError">Could not initialize class com.virco.locators.SiteData</error><system-err>Could not initialize class com.virco.locators.SiteData
com.virco.steps.serenity.CommonUserSteps.openManagementPage(CommonUserSteps.java:35)
com.virco.steps.CommonDefinitionSteps.openPage(CommonDefinitionSteps.java:22)
</system-err></testcase><testcase name="VIR-320.04 Verify that the shopper is moved to the last product page which was viewed"><error message="Could not initialize class com.virco.locators.SiteData" type="java.lang.NoClassDefFoundError">Could not initialize class com.virco.locators.SiteData</error><system-err>Could not initialize class com.virco.locators.SiteData
com.virco.steps.serenity.CommonUserSteps.openManagementPage(CommonUserSteps.java:35)
com.virco.steps.CommonDefinitionSteps.openPage(CommonDefinitionSteps.java:22)
</system-err></testcase></testsuite>