<?xml version="1.0" encoding="UTF-8"?><testsuite errors="0" failures="0" name="ACT-16 - CSR Mass Set Up" skipped="4" tests="4" time="0.0" timestamp="2017-08-223 02:07:02"><testcase name="VIR-241.01 Verify that the bunch of customers are created in hybris after running mass setup script"><skipped/></testcase><testcase name="VIR-241.02 Verify that the personal details are mapped appropriately"><skipped/></testcase><testcase name="VIR-241.03 Verify that the data outlined in ID3 are copied into the hybris"><skipped/></testcase><testcase name="VIR-241.04 Verify that just set up customers can log into the system and perform appropriate activities (due to the permissions)"><skipped/></testcase></testsuite>