<?xml version="1.0" encoding="UTF-8"?><testsuite errors="0" failures="0" name="CMP-5 - Manage School Categories" skipped="4" tests="4" time="0.0" timestamp="2017-08-223 02:08:00"><testcase name="VIR-272.01 Verify that the Chief can set category permission for each school separately"><skipped/></testcase><testcase name="VIR-272.02 Verify that the list of categories are shown as the check boxes within Categories section for the Business Unit permission"><skipped/></testcase><testcase name="VIR-272.03 Verify that the category check boxes are checked in by default to view all categories"><skipped/></testcase><testcase name="VIR-272.04 Verify that the deselected categories are not shown for the admin/staff shoppers assigned to the business unit at the following pages"><skipped/></testcase></testsuite>