<?xml version="1.0" encoding="UTF-8"?><testsuite errors="0" failures="0" name="ACT-18 - Tracking Information" skipped="5" tests="5" time="0.0" timestamp="2017-08-223 02:07:05"><testcase name="VIR-243.01 Verify that the order tracking number is shown at the Order History and on the Order Details pages"><skipped/></testcase><testcase name="VIR-243.02 Verify that the several order tracking number can be shown for one order"><skipped/></testcase><testcase name="VIR-243.03 Verify that the order delivery status is shown in new window after clicking on tracking number link"><skipped/></testcase><testcase name="VIR-243.04 Verify that the chief shopper can see the order tracking number for the orders created by"><skipped/></testcase><testcase name="VIR-243.05 Verify that the admin shopper can see the order tracking number for the orders created by"><skipped/></testcase></testsuite>