<?xml version="1.0" encoding="UTF-8"?><testsuite errors="5" failures="0" name="CNT-2 - Component Maintenance" skipped="10" tests="16" time="0.56" timestamp="2017-08-223 02:08:03"><testcase name="VIR-129.01 Verify that the content admin can add a rotating theme by using template"><skipped/></testcase><testcase name="VIR-129.02 Verify that the content admin can promo message by using template"><skipped/></testcase><testcase name="VIR-129.03 Verify that the content admin can add installation slot by using template"><skipped/></testcase><testcase name="VIR-129.04 Verify that the content admin can add a product recommendation component on the page template by using template"><skipped/></testcase><testcase name="VIR-129.05 Verify that the content admin can add a quick ship component on the template page"><skipped/></testcase><testcase name="VIR-129.06 Verify that the content admin can add a popular category on the template page"><skipped/></testcase><testcase name="VIR-129.07 Verify that the content admin can add a product images component on the template page"><skipped/></testcase><testcase name="VIR-129.08 Verify that the content admin can edit promo message/popular category."><skipped/></testcase><testcase name="VIR-129.09 Verify that the content admin can delete promo message/popular category."><skipped/></testcase><testcase name="VIR-129.10 Verify that the site has a look, configured by content admin"><skipped/></testcase><testcase name="VIR-166.01 Verify the rotating carousel is added on the home page"><error message="Could not initialize class com.virco.locators.SiteData" type="java.lang.NoClassDefFoundError">Could not initialize class com.virco.locators.SiteData</error><system-err>Could not initialize class com.virco.locators.SiteData
com.virco.steps.serenity.CommonUserSteps.openTheSite(CommonUserSteps.java:19)
com.virco.steps.CommonDefinitionSteps.openTheSiteAndLogin(CommonDefinitionSteps.java:72)
</system-err></testcase><testcase name="VIR-166.02 Verify that the each Banner has Rotating Theme, promotional message and installation slots"><error message="Could not initialize class com.virco.locators.SiteData" type="java.lang.NoClassDefFoundError">Could not initialize class com.virco.locators.SiteData</error><system-err>Could not initialize class com.virco.locators.SiteData
com.virco.steps.serenity.CommonUserSteps.openTheSite(CommonUserSteps.java:19)
com.virco.steps.CommonDefinitionSteps.openTheSiteAndLogin(CommonDefinitionSteps.java:72)
</system-err></testcase><testcase name="VIR-166.03 Verify that the changes applied to the home page on the WCMS are shown on the site"><error message="Could not initialize class com.virco.locators.SiteData" type="java.lang.NoClassDefFoundError">Could not initialize class com.virco.locators.SiteData</error><system-err>Could not initialize class com.virco.locators.SiteData
com.virco.steps.serenity.CommonUserSteps.openManagementPage(CommonUserSteps.java:26)
com.virco.steps.CommonDefinitionSteps.openPage(CommonDefinitionSteps.java:22)
</system-err></testcase><testcase name="VIR-166.04 Verify changes on the site"><error message="Could not initialize class com.virco.locators.SiteData" type="java.lang.NoClassDefFoundError">Could not initialize class com.virco.locators.SiteData</error><system-err>Could not initialize class com.virco.locators.SiteData
com.virco.steps.serenity.CommonUserSteps.openTheSite(CommonUserSteps.java:19)
com.virco.steps.CommonDefinitionSteps.openTheSiteAndLogin(CommonDefinitionSteps.java:72)
</system-err></testcase><testcase name="VIR-166.04 Verify installation slot"/><testcase name="VIR-166.06 Return changes for carousel"><error message="Could not initialize class com.virco.locators.SiteData" type="java.lang.NoClassDefFoundError">Could not initialize class com.virco.locators.SiteData</error><system-err>Could not initialize class com.virco.locators.SiteData
com.virco.steps.serenity.CommonUserSteps.openManagementPage(CommonUserSteps.java:26)
com.virco.steps.CommonDefinitionSteps.openPage(CommonDefinitionSteps.java:22)
</system-err></testcase></testsuite>