<?xml version="1.0" encoding="UTF-8"?><testsuite errors="0" failures="0" name="ACT-11 - View Orders - Shopper ECC" skipped="3" tests="3" time="0.0" timestamp="2017-08-228 12:31:35"><testcase name="VIR-236.01 Verify that the shopper can see the created by him ECC orders withing Orders History"><skipped/></testcase><testcase name="VIR-236.02 Verify that the shopper is able to see the ECC orders details"><skipped/></testcase><testcase name="VIR-236.03 Verify that shopper is not able to reorder the ECC orders"><skipped/></testcase></testsuite>