<?xml version="1.0" encoding="UTF-8"?><testsuite errors="0" failures="0" name="PDP-1 - PDP Pricing" skipped="5" tests="5" time="0.0" timestamp="2017-08-223 02:08:23"><testcase name="VIR-261.01 Verify that the subtotal is shown to the customer on the cart"><skipped/></testcase><testcase name="VIR-261.02 Verify that the proper subtotal is shown, that depends on"><skipped/></testcase><testcase name="VIR-261.03 Verify that the shopper can select any of the 4 delivery methods"><skipped/></testcase><testcase name="VIR-261.04 Verify that the subtotal is changed accordingly if delivery method is changed"><skipped/></testcase><testcase name="VIR-261.05 Verify that the subtotal is changed accordingly if contract is changed"><skipped/></testcase></testsuite>