<?xml version="1.0" encoding="UTF-8"?><testsuite errors="0" failures="0" name="ACT-15 - Customer Management" skipped="5" tests="5" time="0.0" timestamp="2017-08-228 12:31:38"><testcase name="VIR-240.01 Verify that the following message is shown to the customer if they entered wrong login data at first and second times"><skipped/></testcase><testcase name="VIR-240.02 Verify that the error message is shown to the customer if they entered wrong login data three and more times"><skipped/></testcase><testcase name="VIR-240.03 Verify that the account is locked automatically after 3 incorrect login attempts"><skipped/></testcase><testcase name="VIR-240.04 Verify that the customer can phone via Skype when they click on the phone number from desktop browser"><skipped/></testcase><testcase name="VIR-240.05 Verify that the customer can phone via phone/skype when they click on the phone number from mobile device"><skipped/></testcase></testsuite>