<?xml version="1.0" encoding="UTF-8"?><testsuite errors="0" failures="0" name="CMP-6 - Manage School Colors" skipped="6" tests="6" time="0.0" timestamp="2017-08-223 02:08:00"><testcase name="VIR-273.01 Verify that the Chief can set color permission for each school separately"><skipped/></testcase><testcase name="VIR-273.02 Verify that the list of colors are shown as the check boxes within Categories section for the Business Unit permission"><skipped/></testcase><testcase name="VIR-273.03 Verify that the colors check boxes are checked in by default to view all colors"><skipped/></testcase><testcase name="VIR-273.04 Verify that the deselected colors are not shown for the admin/staff shoppers assigned to the business unit at the following pages"><skipped/></testcase><testcase name="VIR-273.05 Verify that if all colors are deselected the base color is allowed to the business unit/school, the model with base color is shown to the shopper from this unit/school"><skipped/></testcase><testcase name="VIR-273.06 Verify that if all colors are deselected the base color is not allowed to the business unit/school, the model with base color is not shown to the shopper from this unit/school"><skipped/></testcase></testsuite>