<?xml version="1.0" encoding="UTF-8"?><testsuite errors="7" failures="0" name="ACT-21 - View Saved Carts" skipped="0" tests="8" time="1.6" timestamp="2017-08-223 02:07:12"><testcase name="VIR-246.01 Verify that the shopper can see the saved carts within My Account"><error message="Could not initialize class com.virco.locators.SiteData" type="java.lang.NoClassDefFoundError">Could not initialize class com.virco.locators.SiteData</error><system-err>Could not initialize class com.virco.locators.SiteData
com.virco.steps.serenity.CommonUserSteps.openTheSite(CommonUserSteps.java:19)
com.virco.steps.CommonDefinitionSteps.openTheSiteAndLogin(CommonDefinitionSteps.java:72)
</system-err></testcase><testcase name="VIR-246.02 Remove all from saved carts"><error message="Could not initialize class com.virco.locators.SiteData" type="java.lang.NoClassDefFoundError">Could not initialize class com.virco.locators.SiteData</error><system-err>Could not initialize class com.virco.locators.SiteData
com.virco.steps.serenity.CommonUserSteps.openTheSite(CommonUserSteps.java:19)
com.virco.steps.CommonDefinitionSteps.openTheSiteAndLogin(CommonDefinitionSteps.java:72)
</system-err></testcase><testcase name="VIR-246.03 Verify that the saved cart is shown on the saved carts page"><error message="Could not initialize class com.virco.locators.SiteData" type="java.lang.NoClassDefFoundError">Could not initialize class com.virco.locators.SiteData</error><system-err>Could not initialize class com.virco.locators.SiteData
com.virco.steps.serenity.CommonUserSteps.openTheSite(CommonUserSteps.java:19)
com.virco.steps.CommonDefinitionSteps.openTheSiteAndLogin(CommonDefinitionSteps.java:72)
</system-err></testcase><testcase name="VIR-246.04 Verify that the products and their selected quantities are shown at the saved cart page"><error message="Could not initialize class com.virco.locators.SiteData" type="java.lang.NoClassDefFoundError">Could not initialize class com.virco.locators.SiteData</error><system-err>Could not initialize class com.virco.locators.SiteData
com.virco.steps.serenity.CommonUserSteps.openTheSite(CommonUserSteps.java:19)
com.virco.steps.CommonDefinitionSteps.openTheSiteAndLogin(CommonDefinitionSteps.java:72)
</system-err></testcase><testcase name="VIR-246.05 Verify that saved cart can be restored"><error message="Could not initialize class com.virco.locators.SiteData" type="java.lang.NoClassDefFoundError">Could not initialize class com.virco.locators.SiteData</error><system-err>Could not initialize class com.virco.locators.SiteData
com.virco.steps.serenity.CommonUserSteps.openTheSite(CommonUserSteps.java:19)
com.virco.steps.CommonDefinitionSteps.openTheSiteAndLogin(CommonDefinitionSteps.java:72)
</system-err></testcase><testcase name="VIR-246.06 Verify that saved cart can be updated"><error message="Could not initialize class com.virco.locators.SiteData" type="java.lang.NoClassDefFoundError">Could not initialize class com.virco.locators.SiteData</error><system-err>Could not initialize class com.virco.locators.SiteData
com.virco.steps.serenity.CommonUserSteps.openTheSite(CommonUserSteps.java:19)
com.virco.steps.CommonDefinitionSteps.openTheSiteAndLogin(CommonDefinitionSteps.java:72)
</system-err></testcase><testcase name="VIR-246.07 Verify that saved cart can be removed"><error message="Could not initialize class com.virco.locators.SiteData" type="java.lang.NoClassDefFoundError">Could not initialize class com.virco.locators.SiteData</error><system-err>Could not initialize class com.virco.locators.SiteData
com.virco.steps.serenity.CommonUserSteps.openTheSite(CommonUserSteps.java:19)
com.virco.steps.CommonDefinitionSteps.openTheSiteAndLogin(CommonDefinitionSteps.java:72)
</system-err></testcase><testcase name="VIR-440.01 The cart q-ty is not based on the item level for the saved carts"/></testsuite>