<?xml version="1.0" encoding="UTF-8"?><testsuite errors="0" failures="0" name="PRD-2 - Product Groupings" skipped="3" tests="3" time="0.0" timestamp="2017-08-223 02:08:26"><testcase name="VIR-276.01 Verify that the Product Admin can configure the following product attribute for each item"><skipped/></testcase><testcase name="VIR-276.02 Verify that the Product Admin can publish the changes to the site to be shown to the shopper"><skipped/></testcase><testcase name="VIR-276.03 Verify that the published changes are shown to the shopper"><skipped/></testcase></testsuite>