<?xml version="1.0" encoding="UTF-8"?><testsuite errors="0" failures="0" name="CNT-5 - Brand Management" skipped="4" tests="4" time="0.0" timestamp="2017-08-223 02:08:08"><testcase name="VIR-132.01 Verify that the content admin can add restriction for the desired customizations."><skipped/></testcase><testcase name="VIR-132.02 Verify that the content admin can edit restriction for the desired customizations."><skipped/></testcase><testcase name="VIR-132.03 Verify that the content admin can delete restriction for the desired customizations."><skipped/></testcase><testcase name="VIR-132.04 Verify that the restrictions can be added to the following"><skipped/></testcase></testsuite>