<?xml version="1.0" encoding="UTF-8"?><testsuite errors="0" failures="0" name="ACT-14 - Reorder" skipped="7" tests="7" time="0.0" timestamp="2017-08-223 02:19:02"><testcase name="VIR-239.01 Verify that the shopper can see the Reorder button near each order in the list of orders history"><skipped/></testcase><testcase name="VIR-239.02 Verify that the Reorder button is present at the order details page"><skipped/></testcase><testcase name="VIR-239.03 Verify that the Reorder button is present only near the orders created by shopper"><skipped/></testcase><testcase name="VIR-239.04 Verify that the new order with the same order details is created after reordering"><skipped/></testcase><testcase name="VIR-239.05 Verify that the Admin can reorder the orders created by him and stuff shoppers"><skipped/></testcase><testcase name="VIR-239.06 Verify that the Chief can reorder the orders created by him, admin and stuff shoppers"><skipped/></testcase><testcase name="VIR-239.07 Verify that the Stuff shopper can reorder the orders created by him\her only"><skipped/></testcase></testsuite>