<?xml version="1.0" encoding="UTF-8"?><testsuite errors="0" failures="0" name="CAT-2 - Numeration Display" skipped="3" tests="3" time="0.0" timestamp="2017-08-223 02:07:39"><testcase name="VIR-251.01 Verify that the amount of products per opened page is shown"><skipped/></testcase><testcase name="VIR-251.02 Verify that the 20 products are shown per page"><skipped/></testcase><testcase name="VIR-251.03 Verify that the last page shows the appropriate number of items"><skipped/></testcase></testsuite>