<?xml version="1.0" encoding="UTF-8"?><testsuite errors="0" failures="0" name="ACT-9 - Contract Pricing" skipped="3" tests="3" time="0.0" timestamp="2017-08-223 02:07:35"><testcase name="VIR-234.01 Verify the the logged in customer can see the prices based on his contract"><skipped/></testcase><testcase name="VIR-234.02 Verify that the logged in user can see the prices below the item on the following pages"><skipped/></testcase><testcase name="VIR-234.03 Verify that when customer changed the contract, the pricing is changed accordingly"><skipped/></testcase></testsuite>