<?xml version="1.0" encoding="UTF-8"?><testsuite errors="3" failures="0" name="GE-1 - Breadcrumbs" skipped="3" tests="6" time="0.2" timestamp="2017-08-223 02:08:16"><testcase name="VIR-115.01 Verify that the breadcrumb path shows the navigation from the root to the child nodes"><error message="Could not initialize class com.virco.locators.SiteData" type="java.lang.NoClassDefFoundError">Could not initialize class com.virco.locators.SiteData</error><system-err>Could not initialize class com.virco.locators.SiteData
com.virco.steps.serenity.CommonUserSteps.openTheSite(CommonUserSteps.java:19)
com.virco.steps.CommonDefinitionSteps.openTheSiteAndLogin(CommonDefinitionSteps.java:72)
</system-err></testcase><testcase name="VIR-115.02 Verify that the shopper is moved to the appropriate page after clicking on the breadcrumb node"><error message="Could not initialize class com.virco.locators.SiteData" type="java.lang.NoClassDefFoundError">Could not initialize class com.virco.locators.SiteData</error><system-err>Could not initialize class com.virco.locators.SiteData
com.virco.steps.serenity.CommonUserSteps.openTheSite(CommonUserSteps.java:19)
com.virco.steps.CommonDefinitionSteps.openTheSiteAndLogin(CommonDefinitionSteps.java:72)
</system-err></testcase><testcase name="VIR-115.05 Verify that the opened page's name in breadcrumb is shown as a text"><error message="Could not initialize class com.virco.locators.SiteData" type="java.lang.NoClassDefFoundError">Could not initialize class com.virco.locators.SiteData</error><system-err>Could not initialize class com.virco.locators.SiteData
com.virco.steps.serenity.CommonUserSteps.openTheSite(CommonUserSteps.java:19)
com.virco.steps.CommonDefinitionSteps.openTheSiteAndLogin(CommonDefinitionSteps.java:72)
</system-err></testcase><testcase name="VIR-115.03 Verify that the breadcrumb conventions are determined by site taxonomy"><skipped/></testcase><testcase name="VIR-115.04 Verify that the breadcrumb is shown below main menu"><skipped/></testcase><testcase name="VIR-115.06 Verify that the breadcrumb nodes are separated by &quot;/&quot;"><skipped/></testcase></testsuite>