<?xml version="1.0" encoding="UTF-8"?><testsuite errors="0" failures="0" name="CMP-3 - Buying Authorities" skipped="4" tests="4" time="0.0" timestamp="2017-08-223 02:07:59"><testcase name="VIR-271.01 Verify that the Chief can configure buying authorities within My Company →Users"><skipped/></testcase><testcase name="VIR-271.02 Verify that the Chief can set permissions to the users separately"><skipped/></testcase><testcase name="VIR-271.03 Verify that the Chief can set permissions to the bulk users by setting permissions to the group"><skipped/></testcase><testcase name="VIR-271.04 Verify that the permissions are applied to the user/users"><skipped/></testcase></testsuite>