<?xml version="1.0" encoding="UTF-8"?><testsuite errors="0" failures="0" name="CNT-3 - Banners" skipped="4" tests="4" time="0.0" timestamp="2017-08-223 02:08:05"><testcase name="VIR-130.01 Verify that the content Admin can add new banner"><skipped/></testcase><testcase name="VIR-130.02 Verify that the content admin can edit the banner"><skipped/></testcase><testcase name="VIR-130.03 Verify that the content admin can delete the banner"><skipped/></testcase><testcase name="VIR-130.04 Verify that the site has a look, configured by content admin"><skipped/></testcase></testsuite>